<?xml version="1.0" encoding="UTF-8"?>
<coverage generated="1788362769492" clover="3.2.0">
  <project timestamp="1788362769492" name="All files">
    <metrics statements="389" coveredstatements="225" conditionals="356" coveredconditionals="164" methods="99" coveredmethods="57" elements="844" coveredelements="446" complexity="0" loc="389" ncloc="389" packages="4" files="6" classes="6"/>
    <package name="components">
      <metrics statements="235" coveredstatements="100" conditionals="281" coveredconditionals="120" methods="61" coveredmethods="29"/>
      <file name="ConfirmDeleteDialog.tsx" path="/Users/ynadonaire/orozep website/orozep website/src/components/ConfirmDeleteDialog.tsx">
        <metrics statements="19" coveredstatements="15" conditionals="18" coveredconditionals="12" methods="8" coveredmethods="5"/>
        <line num="26" count="1" type="stmt"/>
        <line num="46" count="39" type="stmt"/>
        <line num="47" count="39" type="stmt"/>
        <line num="48" count="39" type="stmt"/>
        <line num="51" count="39" type="stmt"/>
        <line num="52" count="20" type="cond" truecount="2" falsecount="0"/>
        <line num="55" count="39" type="stmt"/>
        <line num="56" count="39" type="cond" truecount="2" falsecount="0"/>
        <line num="58" count="1" type="stmt"/>
        <line num="59" count="0" type="cond" truecount="0" falsecount="2"/>
        <line num="62" count="1" type="stmt"/>
        <line num="63" count="1" type="stmt"/>
        <line num="66" count="39" type="cond" truecount="2" falsecount="0"/>
        <line num="68" count="1" type="cond" truecount="1" falsecount="1"/>
        <line num="70" count="39" type="stmt"/>
        <line num="71" count="0" type="stmt"/>
        <line num="72" count="0" type="cond" truecount="0" falsecount="2"/>
        <line num="75" count="39" type="stmt"/>
        <line num="110" count="0" type="stmt"/>
      </file>
      <file name="OrdersManager.tsx" path="/Users/ynadonaire/orozep website/orozep website/src/components/OrdersManager.tsx">
        <metrics statements="216" coveredstatements="85" conditionals="263" coveredconditionals="108" methods="53" coveredmethods="24"/>
        <line num="16" count="2" type="stmt"/>
        <line num="31" count="63" type="stmt"/>
        <line num="33" count="63" type="stmt"/>
        <line num="34" count="63" type="stmt"/>
        <line num="35" count="63" type="stmt"/>
        <line num="36" count="63" type="stmt"/>
        <line num="37" count="63" type="stmt"/>
        <line num="38" count="63" type="stmt"/>
        <line num="39" count="63" type="stmt"/>
        <line num="40" count="63" type="stmt"/>
        <line num="41" count="63" type="stmt"/>
        <line num="42" count="63" type="stmt"/>
        <line num="43" count="63" type="stmt"/>
        <line num="47" count="63" type="stmt"/>
        <line num="48" count="19" type="stmt"/>
        <line num="51" count="63" type="stmt"/>
        <line num="52" count="0" type="stmt"/>
        <line num="53" count="0" type="stmt"/>
        <line num="54" count="0" type="stmt"/>
        <line num="57" count="63" type="stmt"/>
        <line num="58" count="0" type="stmt"/>
        <line num="59" count="0" type="stmt"/>
        <line num="60" count="0" type="cond" truecount="0" falsecount="2"/>
        <line num="61" count="0" type="stmt"/>
        <line num="63" count="0" type="stmt"/>
        <line num="65" count="0" type="stmt"/>
        <line num="69" count="63" type="stmt"/>
        <line num="70" count="1" type="cond" truecount="1" falsecount="1"/>
        <line num="71" count="0" type="stmt"/>
        <line num="73" count="1" type="stmt"/>
        <line num="77" count="63" type="stmt"/>
        <line num="78" count="1" type="cond" truecount="1" falsecount="1"/>
        <line num="79" count="1" type="stmt"/>
        <line num="80" count="1" type="stmt"/>
        <line num="85" count="0" type="cond" truecount="0" falsecount="2"/>
        <line num="87" count="0" type="stmt"/>
        <line num="88" count="0" type="stmt"/>
        <line num="89" count="0" type="stmt"/>
        <line num="91" count="0" type="cond" truecount="0" falsecount="2"/>
        <line num="92" count="0" type="stmt"/>
        <line num="93" count="0" type="stmt"/>
        <line num="95" count="0" type="cond" truecount="0" falsecount="2"/>
        <line num="99" count="63" type="stmt"/>
        <line num="100" count="7" type="stmt"/>
        <line num="101" count="7" type="stmt"/>
        <line num="102" count="7" type="stmt"/>
        <line num="103" count="7" type="stmt"/>
        <line num="104" count="7" type="stmt"/>
        <line num="107" count="63" type="stmt"/>
        <line num="108" count="2" type="stmt"/>
        <line num="109" count="2" type="stmt"/>
        <line num="111" count="2" type="stmt"/>
        <line num="113" count="2" type="cond" truecount="1" falsecount="1"/>
        <line num="114" count="2" type="stmt"/>
        <line num="117" count="0" type="cond" truecount="0" falsecount="4"/>
        <line num="120" count="2" type="stmt"/>
        <line num="123" count="63" type="stmt"/>
        <line num="124" count="0" type="cond" truecount="0" falsecount="4"/>
        <line num="125" count="0" type="stmt"/>
        <line num="128" count="0" type="stmt"/>
        <line num="129" count="0" type="stmt"/>
        <line num="135" count="0" type="stmt"/>
        <line num="136" count="0" type="cond" truecount="0" falsecount="2"/>
        <line num="138" count="0" type="stmt"/>
        <line num="144" count="0" type="cond" truecount="0" falsecount="2"/>
        <line num="145" count="0" type="cond" truecount="0" falsecount="2"/>
        <line num="146" count="0" type="stmt"/>
        <line num="148" count="0" type="stmt"/>
        <line num="151" count="0" type="cond" truecount="0" falsecount="4"/>
        <line num="152" count="0" type="cond" truecount="0" falsecount="4"/>
        <line num="153" count="0" type="stmt"/>
        <line num="157" count="0" type="stmt"/>
        <line num="163" count="0" type="cond" truecount="0" falsecount="2"/>
        <line num="164" count="0" type="cond" truecount="0" falsecount="2"/>
        <line num="165" count="0" type="stmt"/>
        <line num="167" count="0" type="stmt"/>
        <line num="169" count="0" type="cond" truecount="0" falsecount="4"/>
        <line num="170" count="0" type="cond" truecount="0" falsecount="2"/>
        <line num="171" count="0" type="stmt"/>
        <line num="178" count="0" type="stmt"/>
        <line num="179" count="0" type="cond" truecount="0" falsecount="2"/>
        <line num="181" count="0" type="stmt"/>
        <line num="187" count="0" type="cond" truecount="0" falsecount="2"/>
        <line num="188" count="0" type="cond" truecount="0" falsecount="2"/>
        <line num="189" count="0" type="stmt"/>
        <line num="192" count="0" type="cond" truecount="0" falsecount="2"/>
        <line num="193" count="0" type="stmt"/>
        <line num="194" count="0" type="stmt"/>
        <line num="199" count="0" type="cond" truecount="0" falsecount="2"/>
        <line num="203" count="0" type="stmt"/>
        <line num="209" count="0" type="cond" truecount="0" falsecount="2"/>
        <line num="210" count="0" type="cond" truecount="0" falsecount="2"/>
        <line num="211" count="0" type="stmt"/>
        <line num="214" count="0" type="cond" truecount="0" falsecount="2"/>
        <line num="215" count="0" type="stmt"/>
        <line num="216" count="0" type="stmt"/>
        <line num="221" count="0" type="cond" truecount="0" falsecount="2"/>
        <line num="227" count="0" type="stmt"/>
        <line num="236" count="0" type="cond" truecount="0" falsecount="2"/>
        <line num="239" count="0" type="stmt"/>
        <line num="240" count="0" type="stmt"/>
        <line num="243" count="0" type="stmt"/>
        <line num="245" count="0" type="stmt"/>
        <line num="246" count="0" type="stmt"/>
        <line num="248" count="0" type="stmt"/>
        <line num="249" count="0" type="cond" truecount="0" falsecount="4"/>
        <line num="250" count="0" type="stmt"/>
        <line num="252" count="0" type="stmt"/>
        <line num="256" count="63" type="stmt"/>
        <line num="257" count="0" type="stmt"/>
        <line num="258" count="0" type="stmt"/>
        <line num="259" count="0" type="stmt"/>
        <line num="267" count="0" type="cond" truecount="0" falsecount="2"/>
        <line num="268" count="0" type="stmt"/>
        <line num="269" count="0" type="cond" truecount="0" falsecount="2"/>
        <line num="270" count="0" type="stmt"/>
        <line num="273" count="0" type="stmt"/>
        <line num="274" count="0" type="stmt"/>
        <line num="276" count="0" type="stmt"/>
        <line num="280" count="63" type="stmt"/>
        <line num="283" count="0" type="cond" truecount="0" falsecount="2"/>
        <line num="284" count="0" type="stmt"/>
        <line num="285" count="0" type="stmt"/>
        <line num="288" count="0" type="stmt"/>
        <line num="289" count="0" type="stmt"/>
        <line num="290" count="0" type="stmt"/>
        <line num="300" count="0" type="cond" truecount="0" falsecount="2"/>
        <line num="303" count="0" type="stmt"/>
        <line num="305" count="0" type="cond" truecount="0" falsecount="2"/>
        <line num="306" count="0" type="stmt"/>
        <line num="314" count="0" type="stmt"/>
        <line num="316" count="0" type="stmt"/>
        <line num="317" count="0" type="stmt"/>
        <line num="319" count="0" type="stmt"/>
        <line num="323" count="63" type="stmt"/>
        <line num="324" count="41" type="cond" truecount="1" falsecount="6"/>
        <line num="325" count="41" type="stmt"/>
        <line num="326" count="0" type="stmt"/>
        <line num="327" count="0" type="stmt"/>
        <line num="328" count="0" type="stmt"/>
        <line num="329" count="0" type="stmt"/>
        <line num="330" count="0" type="stmt"/>
        <line num="331" count="0" type="stmt"/>
        <line num="335" count="63" type="stmt"/>
        <line num="336" count="41" type="cond" truecount="1" falsecount="6"/>
        <line num="337" count="41" type="stmt"/>
        <line num="338" count="0" type="stmt"/>
        <line num="339" count="0" type="stmt"/>
        <line num="340" count="0" type="stmt"/>
        <line num="341" count="0" type="stmt"/>
        <line num="342" count="0" type="stmt"/>
        <line num="343" count="0" type="stmt"/>
        <line num="349" count="63" type="cond" truecount="4" falsecount="0"/>
        <line num="350" count="2" type="stmt"/>
        <line num="360" count="61" type="cond" truecount="2" falsecount="0"/>
        <line num="361" count="4" type="stmt"/>
        <line num="364" count="0" type="stmt"/>
        <line num="365" count="0" type="stmt"/>
        <line num="374" count="57" type="stmt"/>
        <line num="376" count="57" type="cond" truecount="2" falsecount="0"/>
        <line num="377" count="18" type="stmt"/>
        <line num="383" count="1" type="stmt"/>
        <line num="440" count="19" type="stmt"/>
        <line num="441" count="19" type="cond" truecount="2" falsecount="0"/>
        <line num="443" count="19" type="stmt"/>
        <line num="469" count="2" type="stmt"/>
        <line num="487" count="39" type="stmt"/>
        <line num="528" count="0" type="stmt"/>
        <line num="536" count="0" type="stmt"/>
        <line num="544" count="0" type="stmt"/>
        <line num="552" count="0" type="stmt"/>
        <line num="560" count="0" type="stmt"/>
        <line num="568" count="0" type="stmt"/>
        <line num="576" count="0" type="stmt"/>
        <line num="594" count="0" type="stmt"/>
        <line num="655" count="41" type="stmt"/>
        <line num="658" count="4" type="stmt"/>
        <line num="662" count="0" type="stmt"/>
        <line num="690" count="2" type="stmt"/>
        <line num="691" count="41" type="stmt"/>
        <line num="692" count="41" type="cond" truecount="2" falsecount="0"/>
        <line num="694" count="41" type="stmt"/>
        <line num="705" count="0" type="stmt"/>
        <line num="706" count="0" type="stmt"/>
        <line num="708" count="0" type="stmt"/>
        <line num="757" count="4" type="stmt"/>
        <line num="758" count="4" type="stmt"/>
        <line num="781" count="2" type="stmt"/>
        <line num="789" count="4" type="stmt"/>
        <line num="790" count="4" type="cond" truecount="2" falsecount="0"/>
        <line num="791" count="4" type="cond" truecount="2" falsecount="0"/>
        <line num="794" count="4" type="stmt"/>
        <line num="797" count="4" type="stmt"/>
        <line num="798" count="4" type="cond" truecount="2" falsecount="0"/>
        <line num="799" count="4" type="cond" truecount="2" falsecount="0"/>
        <line num="800" count="4" type="stmt"/>
        <line num="806" count="4" type="stmt"/>
        <line num="807" count="4" type="cond" truecount="2" falsecount="0"/>
        <line num="808" count="4" type="stmt"/>
        <line num="809" count="4" type="cond" truecount="4" falsecount="0"/>
        <line num="813" count="4" type="stmt"/>
        <line num="814" count="4" type="cond" truecount="2" falsecount="0"/>
        <line num="816" count="4" type="stmt"/>
        <line num="913" count="0" type="stmt"/>
        <line num="918" count="3" type="stmt"/>
        <line num="930" count="0" type="stmt"/>
        <line num="955" count="0" type="stmt"/>
        <line num="961" count="0" type="stmt"/>
        <line num="975" count="4" type="stmt"/>
        <line num="1005" count="0" type="stmt"/>
        <line num="1006" count="0" type="stmt"/>
        <line num="1075" count="0" type="stmt"/>
        <line num="1084" count="0" type="stmt"/>
        <line num="1093" count="0" type="stmt"/>
        <line num="1103" count="0" type="cond" truecount="0" falsecount="2"/>
        <line num="1104" count="0" type="stmt"/>
      </file>
    </package>
    <package name="hooks">
      <metrics statements="116" coveredstatements="103" conditionals="42" coveredconditionals="28" methods="24" coveredmethods="21"/>
      <file name="useConfirmDelete.ts" path="/Users/ynadonaire/orozep website/orozep website/src/hooks/useConfirmDelete.ts">
        <metrics statements="16" coveredstatements="10" conditionals="2" coveredconditionals="2" methods="6" coveredmethods="3"/>
        <line num="27" count="63" type="stmt"/>
        <line num="28" count="63" type="stmt"/>
        <line num="30" count="63" type="stmt"/>
        <line num="32" count="1" type="stmt"/>
        <line num="35" count="1" type="stmt"/>
        <line num="36" count="1" type="stmt"/>
        <line num="37" count="1" type="stmt"/>
        <line num="42" count="63" type="stmt"/>
        <line num="43" count="0" type="stmt"/>
        <line num="44" count="0" type="stmt"/>
        <line num="45" count="0" type="stmt"/>
        <line num="46" count="0" type="stmt"/>
        <line num="49" count="63" type="stmt"/>
        <line num="55" count="0" type="stmt"/>
        <line num="56" count="0" type="stmt"/>
        <line num="59" count="63" type="stmt"/>
      </file>
      <file name="useOrders.ts" path="/Users/ynadonaire/orozep website/orozep website/src/hooks/useOrders.ts">
        <metrics statements="100" coveredstatements="93" conditionals="40" coveredconditionals="26" methods="18" coveredmethods="18"/>
        <line num="52" count="12" type="stmt"/>
        <line num="65" count="12" type="stmt"/>
        <line num="78" count="12" type="stmt"/>
        <line num="80" count="12" type="stmt"/>
        <line num="89" count="39" type="stmt"/>
        <line num="121" count="69" type="stmt"/>
        <line num="122" count="69" type="stmt"/>
        <line num="123" count="69" type="stmt"/>
        <line num="124" count="69" type="stmt"/>
        <line num="125" count="69" type="stmt"/>
        <line num="126" count="69" type="stmt"/>
        <line num="127" count="69" type="stmt"/>
        <line num="128" count="69" type="stmt"/>
        <line num="131" count="69" type="stmt"/>
        <line num="134" count="69" type="stmt"/>
        <line num="138" count="69" type="stmt"/>
        <line num="139" count="25" type="stmt"/>
        <line num="140" count="25" type="stmt"/>
        <line num="141" count="2" type="cond" truecount="1" falsecount="1"/>
        <line num="142" count="2" type="stmt"/>
        <line num="143" count="2" type="stmt"/>
        <line num="145" count="25" type="stmt"/>
        <line num="148" count="69" type="stmt"/>
        <line num="149" count="3" type="stmt"/>
        <line num="154" count="69" type="stmt"/>
        <line num="156" count="39" type="stmt"/>
        <line num="163" count="39" type="cond" truecount="2" falsecount="0"/>
        <line num="164" count="3" type="stmt"/>
        <line num="167" count="39" type="stmt"/>
        <line num="168" count="39" type="cond" truecount="2" falsecount="0"/>
        <line num="169" count="2" type="stmt"/>
        <line num="179" count="39" type="stmt"/>
        <line num="184" count="69" type="stmt"/>
        <line num="185" count="35" type="stmt"/>
        <line num="186" count="35" type="stmt"/>
        <line num="187" count="35" type="stmt"/>
        <line num="188" count="35" type="stmt"/>
        <line num="189" count="35" type="stmt"/>
        <line num="194" count="35" type="stmt"/>
        <line num="195" count="39" type="stmt"/>
        <line num="197" count="39" type="cond" truecount="2" falsecount="0"/>
        <line num="198" count="38" type="cond" truecount="2" falsecount="0"/>
        <line num="200" count="37" type="cond" truecount="1" falsecount="1"/>
        <line num="201" count="39" type="stmt"/>
        <line num="202" count="39" type="cond" truecount="1" falsecount="1"/>
        <line num="204" count="39" type="cond" truecount="2" falsecount="0"/>
        <line num="207" count="33" type="stmt"/>
        <line num="208" count="33" type="stmt"/>
        <line num="209" count="33" type="stmt"/>
        <line num="211" count="1" type="cond" truecount="1" falsecount="1"/>
        <line num="212" count="1" type="stmt"/>
        <line num="213" count="1" type="stmt"/>
        <line num="214" count="1" type="stmt"/>
        <line num="215" count="1" type="cond" truecount="1" falsecount="1"/>
        <line num="217" count="35" type="cond" truecount="2" falsecount="0"/>
        <line num="221" count="69" type="stmt"/>
        <line num="224" count="30" type="stmt"/>
        <line num="225" count="210" type="stmt"/>
        <line num="229" count="210" type="cond" truecount="2" falsecount="0"/>
        <line num="230" count="210" type="stmt"/>
        <line num="231" count="210" type="cond" truecount="1" falsecount="1"/>
        <line num="234" count="30" type="stmt"/>
        <line num="235" count="30" type="stmt"/>
        <line num="237" count="180" type="stmt"/>
        <line num="240" count="30" type="stmt"/>
        <line num="241" count="30" type="stmt"/>
        <line num="242" count="180" type="stmt"/>
        <line num="244" count="30" type="stmt"/>
        <line num="246" count="0" type="stmt"/>
        <line num="250" count="69" type="stmt"/>
        <line num="251" count="28" type="stmt"/>
        <line num="254" count="69" type="stmt"/>
        <line num="255" count="23" type="stmt"/>
        <line num="258" count="69" type="stmt"/>
        <line num="259" count="7" type="stmt"/>
        <line num="267" count="69" type="stmt"/>
        <line num="269" count="5" type="cond" truecount="2" falsecount="0"/>
        <line num="271" count="4" type="stmt"/>
        <line num="272" count="4" type="stmt"/>
        <line num="276" count="4" type="cond" truecount="1" falsecount="1"/>
        <line num="278" count="4" type="stmt"/>
        <line num="279" count="4" type="stmt"/>
        <line num="281" count="0" type="stmt"/>
        <line num="282" count="0" type="cond" truecount="0" falsecount="2"/>
        <line num="288" count="69" type="stmt"/>
        <line num="289" count="1" type="stmt"/>
        <line num="290" count="1" type="stmt"/>
        <line num="296" count="1" type="cond" truecount="1" falsecount="1"/>
        <line num="297" count="1" type="cond" truecount="1" falsecount="1"/>
        <line num="299" count="0" type="stmt"/>
        <line num="300" count="0" type="stmt"/>
        <line num="304" count="69" type="stmt"/>
        <line num="306" count="2" type="stmt"/>
        <line num="307" count="2" type="stmt"/>
        <line num="311" count="2" type="cond" truecount="1" falsecount="1"/>
        <line num="313" count="2" type="stmt"/>
        <line num="314" count="2" type="stmt"/>
        <line num="316" count="0" type="stmt"/>
        <line num="317" count="0" type="cond" truecount="0" falsecount="2"/>
        <line num="323" count="69" type="stmt"/>
      </file>
    </package>
    <package name="lib">
      <metrics statements="14" coveredstatements="7" conditionals="14" coveredconditionals="5" methods="7" coveredmethods="3"/>
      <file name="couriers.ts" path="/Users/ynadonaire/orozep website/orozep website/src/lib/couriers.ts">
        <metrics statements="14" coveredstatements="7" conditionals="14" coveredconditionals="5" methods="7" coveredmethods="3"/>
        <line num="8" count="2" type="stmt"/>
        <line num="10" count="2" type="stmt"/>
        <line num="12" count="2" type="stmt"/>
        <line num="23" count="4" type="stmt"/>
        <line num="25" count="4" type="cond" truecount="3" falsecount="1"/>
        <line num="26" count="0" type="stmt"/>
        <line num="29" count="4" type="stmt"/>
        <line num="30" count="4" type="cond" truecount="2" falsecount="0"/>
        <line num="52" count="0" type="cond" truecount="0" falsecount="2"/>
        <line num="54" count="0" type="cond" truecount="0" falsecount="2"/>
        <line num="55" count="0" type="stmt"/>
        <line num="58" count="0" type="stmt"/>
        <line num="66" count="0" type="cond" truecount="0" falsecount="4"/>
        <line num="68" count="0" type="stmt"/>
      </file>
    </package>
    <package name="utils">
      <metrics statements="24" coveredstatements="15" conditionals="19" coveredconditionals="11" methods="7" coveredmethods="4"/>
      <file name="recycleBin.ts" path="/Users/ynadonaire/orozep website/orozep website/src/utils/recycleBin.ts">
        <metrics statements="24" coveredstatements="15" conditionals="19" coveredconditionals="11" methods="7" coveredmethods="4"/>
        <line num="18" count="2" type="stmt"/>
        <line num="20" count="2" type="stmt"/>
        <line num="30" count="38" type="stmt"/>
        <line num="31" count="38" type="cond" truecount="2" falsecount="0"/>
        <line num="36" count="0" type="stmt"/>
        <line num="43" count="0" type="stmt"/>
        <line num="44" count="0" type="stmt"/>
        <line num="46" count="0" type="stmt"/>
        <line num="47" count="0" type="cond" truecount="0" falsecount="2"/>
        <line num="48" count="0" type="stmt"/>
        <line num="50" count="0" type="stmt"/>
        <line num="54" count="0" type="stmt"/>
        <line num="59" count="38" type="cond" truecount="1" falsecount="1"/>
        <line num="61" count="38" type="stmt"/>
        <line num="62" count="38" type="cond" truecount="1" falsecount="1"/>
        <line num="70" count="38" type="stmt"/>
        <line num="71" count="38" type="cond" truecount="1" falsecount="1"/>
        <line num="73" count="38" type="stmt"/>
        <line num="74" count="38" type="stmt"/>
        <line num="82" count="0" type="stmt"/>
        <line num="91" count="19" type="stmt"/>
        <line num="93" count="19" type="cond" truecount="1" falsecount="1"/>
        <line num="94" count="19" type="cond" truecount="1" falsecount="1"/>
        <line num="95" count="19" type="cond" truecount="2" falsecount="0"/>
      </file>
    </package>
  </project>
</coverage>
