{"/Users/ynadonaire/orozep website/orozep website/src/components/ConfirmDeleteDialog.tsx": {"path":"/Users/ynadonaire/orozep website/orozep website/src/components/ConfirmDeleteDialog.tsx","statementMap":{"0":{"start":{"line":26,"column":2},"end":{"line":26,"column":null}},"1":{"start":{"line":46,"column":28},"end":{"line":46,"column":null}},"2":{"start":{"line":47,"column":18},"end":{"line":47,"column":24}},"3":{"start":{"line":48,"column":18},"end":{"line":48,"column":24}},"4":{"start":{"line":51,"column":2},"end":{"line":53,"column":null}},"5":{"start":{"line":52,"column":4},"end":{"line":52,"column":null}},"6":{"start":{"line":52,"column":14},"end":{"line":52,"column":null}},"7":{"start":{"line":55,"column":2},"end":{"line":64,"column":null}},"8":{"start":{"line":56,"column":4},"end":{"line":56,"column":null}},"9":{"start":{"line":56,"column":15},"end":{"line":56,"column":null}},"10":{"start":{"line":58,"column":10},"end":{"line":60,"column":null}},"11":{"start":{"line":59,"column":6},"end":{"line":59,"column":null}},"12":{"start":{"line":59,"column":34},"end":{"line":59,"column":null}},"13":{"start":{"line":62,"column":4},"end":{"line":62,"column":null}},"14":{"start":{"line":63,"column":4},"end":{"line":63,"column":null}},"15":{"start":{"line":63,"column":17},"end":{"line":63,"column":null}},"16":{"start":{"line":66,"column":2},"end":{"line":66,"column":null}},"17":{"start":{"line":66,"column":13},"end":{"line":66,"column":null}},"18":{"start":{"line":68,"column":16},"end":{"line":68,"column":null}},"19":{"start":{"line":70,"column":8},"end":{"line":73,"column":null}},"20":{"start":{"line":71,"column":4},"end":{"line":71,"column":null}},"21":{"start":{"line":72,"column":4},"end":{"line":72,"column":null}},"22":{"start":{"line":72,"column":15},"end":{"line":72,"column":null}},"23":{"start":{"line":75,"column":2},"end":{"line":135,"column":null}},"24":{"start":{"line":110,"column":33},"end":{"line":110,"column":null}}},"fnMap":{"0":{"name":"namesMatch","decl":{"start":{"line":25,"column":9},"end":{"line":25,"column":20}},"loc":{"start":{"line":25,"column":62},"end":{"line":27,"column":null}},"line":25},"1":{"name":"ConfirmDeleteDialog","decl":{"start":{"line":36,"column":24},"end":{"line":36,"column":44}},"loc":{"start":{"line":45,"column":29},"end":{"line":137,"column":null}},"line":45},"2":{"name":"(anonymous_2)","decl":{"start":{"line":51,"column":2},"end":{"line":51,"column":18}},"loc":{"start":{"line":51,"column":18},"end":{"line":53,"column":5}},"line":51},"3":{"name":"(anonymous_3)","decl":{"start":{"line":55,"column":2},"end":{"line":55,"column":18}},"loc":{"start":{"line":55,"column":18},"end":{"line":64,"column":5}},"line":55},"4":{"name":"(anonymous_4)","decl":{"start":{"line":58,"column":10},"end":{"line":58,"column":23}},"loc":{"start":{"line":58,"column":48},"end":{"line":60,"column":null}},"line":58},"5":{"name":"(anonymous_5)","decl":{"start":{"line":63,"column":4},"end":{"line":63,"column":17}},"loc":{"start":{"line":63,"column":17},"end":{"line":63,"column":null}},"line":63},"6":{"name":"(anonymous_6)","decl":{"start":{"line":70,"column":8},"end":{"line":70,"column":24}},"loc":{"start":{"line":70,"column":45},"end":{"line":73,"column":null}},"line":70},"7":{"name":"(anonymous_7)","decl":{"start":{"line":110,"column":12},"end":{"line":110,"column":23}},"loc":{"start":{"line":110,"column":33},"end":{"line":110,"column":null}},"line":110}},"branchMap":{"0":{"loc":{"start":{"line":39,"column":2},"end":{"line":39,"column":null}},"type":"default-arg","locations":[{"start":{"line":39,"column":10},"end":{"line":39,"column":null}}],"line":39},"1":{"loc":{"start":{"line":40,"column":2},"end":{"line":40,"column":null}},"type":"default-arg","locations":[{"start":{"line":40,"column":16},"end":{"line":40,"column":null}}],"line":40},"2":{"loc":{"start":{"line":41,"column":2},"end":{"line":41,"column":null}},"type":"default-arg","locations":[{"start":{"line":41,"column":17},"end":{"line":41,"column":null}}],"line":41},"3":{"loc":{"start":{"line":42,"column":2},"end":{"line":42,"column":null}},"type":"default-arg","locations":[{"start":{"line":42,"column":9},"end":{"line":42,"column":null}}],"line":42},"4":{"loc":{"start":{"line":52,"column":4},"end":{"line":52,"column":null}},"type":"if","locations":[{"start":{"line":52,"column":4},"end":{"line":52,"column":null}},{"start":{},"end":{}}],"line":52},"5":{"loc":{"start":{"line":56,"column":4},"end":{"line":56,"column":null}},"type":"if","locations":[{"start":{"line":56,"column":4},"end":{"line":56,"column":null}},{"start":{},"end":{}}],"line":56},"6":{"loc":{"start":{"line":59,"column":6},"end":{"line":59,"column":null}},"type":"if","locations":[{"start":{"line":59,"column":6},"end":{"line":59,"column":null}},{"start":{},"end":{}}],"line":59},"7":{"loc":{"start":{"line":66,"column":2},"end":{"line":66,"column":null}},"type":"if","locations":[{"start":{"line":66,"column":2},"end":{"line":66,"column":null}},{"start":{},"end":{}}],"line":66},"8":{"loc":{"start":{"line":68,"column":16},"end":{"line":68,"column":null}},"type":"binary-expr","locations":[{"start":{"line":68,"column":16},"end":{"line":68,"column":47}},{"start":{"line":68,"column":47},"end":{"line":68,"column":null}}],"line":68},"9":{"loc":{"start":{"line":72,"column":4},"end":{"line":72,"column":null}},"type":"if","locations":[{"start":{"line":72,"column":4},"end":{"line":72,"column":null}},{"start":{},"end":{}}],"line":72},"10":{"loc":{"start":{"line":130,"column":15},"end":{"line":130,"column":null}},"type":"cond-expr","locations":[{"start":{"line":130,"column":22},"end":{"line":130,"column":36}},{"start":{"line":130,"column":36},"end":{"line":130,"column":null}}],"line":130}},"s":{"0":1,"1":39,"2":39,"3":39,"4":39,"5":20,"6":1,"7":39,"8":39,"9":38,"10":1,"11":0,"12":0,"13":1,"14":1,"15":1,"16":39,"17":38,"18":1,"19":39,"20":0,"21":0,"22":0,"23":39,"24":0},"f":{"0":1,"1":39,"2":20,"3":39,"4":0,"5":1,"6":0,"7":0},"b":{"0":[39],"1":[39],"2":[39],"3":[39],"4":[1,19],"5":[38,1],"6":[0,0],"7":[38,1],"8":[1,0],"9":[0,0],"10":[0,1]},"meta":{"lastBranch":11,"lastFunction":8,"lastStatement":25,"seen":{"f:25:9:25:20":0,"s:26:2:26:Infinity":0,"f:36:24:36:44":1,"b:39:10:39:Infinity":0,"b:40:16:40:Infinity":1,"b:41:17:41:Infinity":2,"b:42:9:42:Infinity":3,"s:46:28:46:Infinity":1,"s:47:18:47:24":2,"s:48:18:48:24":3,"s:51:2:53:Infinity":4,"f:51:2:51:18":2,"b:52:4:52:Infinity:undefined:undefined:undefined:undefined":4,"s:52:4:52:Infinity":5,"s:52:14:52:Infinity":6,"s:55:2:64:Infinity":7,"f:55:2:55:18":3,"b:56:4:56:Infinity:undefined:undefined:undefined:undefined":5,"s:56:4:56:Infinity":8,"s:56:15:56:Infinity":9,"s:58:10:60:Infinity":10,"f:58:10:58:23":4,"b:59:6:59:Infinity:undefined:undefined:undefined:undefined":6,"s:59:6:59:Infinity":11,"s:59:34:59:Infinity":12,"s:62:4:62:Infinity":13,"s:63:4:63:Infinity":14,"f:63:4:63:17":5,"s:63:17:63:Infinity":15,"b:66:2:66:Infinity:undefined:undefined:undefined:undefined":7,"s:66:2:66:Infinity":16,"s:66:13:66:Infinity":17,"s:68:16:68:Infinity":18,"b:68:16:68:47:68:47:68:Infinity":8,"s:70:8:73:Infinity":19,"f:70:8:70:24":6,"s:71:4:71:Infinity":20,"b:72:4:72:Infinity:undefined:undefined:undefined:undefined":9,"s:72:4:72:Infinity":21,"s:72:15:72:Infinity":22,"s:75:2:135:Infinity":23,"f:110:12:110:23":7,"s:110:33:110:Infinity":24,"b:130:22:130:36:130:36:130:Infinity":10},"fnNames":{}}}
,"/Users/ynadonaire/orozep website/orozep website/src/components/OrdersManager.tsx": {"path":"/Users/ynadonaire/orozep website/orozep website/src/components/OrdersManager.tsx","statementMap":{"0":{"start":{"line":16,"column":6},"end":{"line":678,"column":null}},"1":{"start":{"line":31,"column":6},"end":{"line":31,"column":16}},"2":{"start":{"line":33,"column":44},"end":{"line":33,"column":null}},"3":{"start":{"line":34,"column":42},"end":{"line":34,"column":null}},"4":{"start":{"line":35,"column":42},"end":{"line":35,"column":null}},"5":{"start":{"line":36,"column":50},"end":{"line":36,"column":null}},"6":{"start":{"line":37,"column":48},"end":{"line":37,"column":65}},"7":{"start":{"line":38,"column":36},"end":{"line":38,"column":null}},"8":{"start":{"line":39,"column":42},"end":{"line":39,"column":null}},"9":{"start":{"line":40,"column":38},"end":{"line":40,"column":null}},"10":{"start":{"line":41,"column":40},"end":{"line":41,"column":null}},"11":{"start":{"line":42,"column":34},"end":{"line":42,"column":null}},"12":{"start":{"line":43,"column":30},"end":{"line":43,"column":38}},"13":{"start":{"line":47,"column":2},"end":{"line":49,"column":null}},"14":{"start":{"line":48,"column":4},"end":{"line":48,"column":null}},"15":{"start":{"line":51,"column":24},"end":{"line":55,"column":null}},"16":{"start":{"line":52,"column":4},"end":{"line":52,"column":null}},"17":{"start":{"line":53,"column":4},"end":{"line":53,"column":null}},"18":{"start":{"line":54,"column":4},"end":{"line":54,"column":null}},"19":{"start":{"line":54,"column":21},"end":{"line":54,"column":45}},"20":{"start":{"line":57,"column":8},"end":{"line":67,"column":null}},"21":{"start":{"line":58,"column":4},"end":{"line":66,"column":null}},"22":{"start":{"line":59,"column":19},"end":{"line":59,"column":null}},"23":{"start":{"line":60,"column":6},"end":{"line":64,"column":null}},"24":{"start":{"line":61,"column":8},"end":{"line":61,"column":null}},"25":{"start":{"line":63,"column":8},"end":{"line":63,"column":null}},"26":{"start":{"line":65,"column":6},"end":{"line":65,"column":null}},"27":{"start":{"line":69,"column":8},"end":{"line":75,"column":null}},"28":{"start":{"line":70,"column":4},"end":{"line":74,"column":null}},"29":{"start":{"line":71,"column":6},"end":{"line":71,"column":null}},"30":{"start":{"line":73,"column":6},"end":{"line":73,"column":null}},"31":{"start":{"line":73,"column":50},"end":{"line":73,"column":54}},"32":{"start":{"line":77,"column":31},"end":{"line":97,"column":null}},"33":{"start":{"line":78,"column":4},"end":{"line":78,"column":null}},"34":{"start":{"line":78,"column":37},"end":{"line":78,"column":null}},"35":{"start":{"line":79,"column":26},"end":{"line":79,"column":null}},"36":{"start":{"line":80,"column":22},"end":{"line":84,"column":null}},"37":{"start":{"line":85,"column":4},"end":{"line":85,"column":null}},"38":{"start":{"line":85,"column":20},"end":{"line":85,"column":null}},"39":{"start":{"line":87,"column":4},"end":{"line":87,"column":null}},"40":{"start":{"line":88,"column":19},"end":{"line":88,"column":null}},"41":{"start":{"line":89,"column":4},"end":{"line":89,"column":null}},"42":{"start":{"line":91,"column":4},"end":{"line":96,"column":null}},"43":{"start":{"line":92,"column":6},"end":{"line":92,"column":null}},"44":{"start":{"line":93,"column":6},"end":{"line":93,"column":null}},"45":{"start":{"line":95,"column":6},"end":{"line":95,"column":null}},"46":{"start":{"line":99,"column":20},"end":{"line":105,"column":null}},"47":{"start":{"line":100,"column":4},"end":{"line":100,"column":null}},"48":{"start":{"line":101,"column":4},"end":{"line":101,"column":null}},"49":{"start":{"line":102,"column":4},"end":{"line":102,"column":null}},"50":{"start":{"line":103,"column":4},"end":{"line":103,"column":null}},"51":{"start":{"line":104,"column":4},"end":{"line":104,"column":null}},"52":{"start":{"line":107,"column":29},"end":{"line":121,"column":null}},"53":{"start":{"line":108,"column":4},"end":{"line":108,"column":null}},"54":{"start":{"line":109,"column":4},"end":{"line":109,"column":null}},"55":{"start":{"line":111,"column":19},"end":{"line":111,"column":null}},"56":{"start":{"line":113,"column":4},"end":{"line":118,"column":null}},"57":{"start":{"line":114,"column":6},"end":{"line":114,"column":null}},"58":{"start":{"line":117,"column":6},"end":{"line":117,"column":null}},"59":{"start":{"line":120,"column":4},"end":{"line":120,"column":null}},"60":{"start":{"line":123,"column":29},"end":{"line":254,"column":null}},"61":{"start":{"line":124,"column":4},"end":{"line":126,"column":null}},"62":{"start":{"line":125,"column":6},"end":{"line":125,"column":null}},"63":{"start":{"line":128,"column":4},"end":{"line":253,"column":null}},"64":{"start":{"line":129,"column":6},"end":{"line":129,"column":null}},"65":{"start":{"line":135,"column":6},"end":{"line":174,"column":null}},"66":{"start":{"line":136,"column":8},"end":{"line":173,"column":null}},"67":{"start":{"line":138,"column":55},"end":{"line":142,"column":null}},"68":{"start":{"line":144,"column":10},"end":{"line":149,"column":null}},"69":{"start":{"line":145,"column":12},"end":{"line":147,"column":null}},"70":{"start":{"line":146,"column":14},"end":{"line":146,"column":null}},"71":{"start":{"line":148,"column":12},"end":{"line":148,"column":null}},"72":{"start":{"line":151,"column":10},"end":{"line":154,"column":null}},"73":{"start":{"line":152,"column":12},"end":{"line":152,"column":null}},"74":{"start":{"line":153,"column":12},"end":{"line":153,"column":null}},"75":{"start":{"line":157,"column":54},"end":{"line":161,"column":null}},"76":{"start":{"line":163,"column":10},"end":{"line":168,"column":null}},"77":{"start":{"line":164,"column":12},"end":{"line":166,"column":null}},"78":{"start":{"line":165,"column":14},"end":{"line":165,"column":null}},"79":{"start":{"line":167,"column":12},"end":{"line":167,"column":null}},"80":{"start":{"line":169,"column":10},"end":{"line":172,"column":null}},"81":{"start":{"line":170,"column":12},"end":{"line":170,"column":null}},"82":{"start":{"line":171,"column":12},"end":{"line":171,"column":null}},"83":{"start":{"line":178,"column":6},"end":{"line":224,"column":null}},"84":{"start":{"line":179,"column":8},"end":{"line":223,"column":null}},"85":{"start":{"line":181,"column":55},"end":{"line":185,"column":null}},"86":{"start":{"line":187,"column":10},"end":{"line":190,"column":null}},"87":{"start":{"line":188,"column":12},"end":{"line":188,"column":null}},"88":{"start":{"line":188,"column":46},"end":{"line":188,"column":null}},"89":{"start":{"line":189,"column":12},"end":{"line":189,"column":null}},"90":{"start":{"line":192,"column":10},"end":{"line":200,"column":null}},"91":{"start":{"line":193,"column":29},"end":{"line":193,"column":null}},"92":{"start":{"line":194,"column":43},"end":{"line":197,"column":null}},"93":{"start":{"line":199,"column":12},"end":{"line":199,"column":null}},"94":{"start":{"line":199,"column":29},"end":{"line":199,"column":null}},"95":{"start":{"line":203,"column":54},"end":{"line":207,"column":null}},"96":{"start":{"line":209,"column":10},"end":{"line":212,"column":null}},"97":{"start":{"line":210,"column":12},"end":{"line":210,"column":null}},"98":{"start":{"line":210,"column":47},"end":{"line":210,"column":null}},"99":{"start":{"line":211,"column":12},"end":{"line":211,"column":null}},"100":{"start":{"line":214,"column":10},"end":{"line":222,"column":null}},"101":{"start":{"line":215,"column":29},"end":{"line":215,"column":null}},"102":{"start":{"line":216,"column":43},"end":{"line":219,"column":null}},"103":{"start":{"line":221,"column":12},"end":{"line":221,"column":null}},"104":{"start":{"line":221,"column":29},"end":{"line":221,"column":null}},"105":{"start":{"line":227,"column":37},"end":{"line":234,"column":null}},"106":{"start":{"line":236,"column":6},"end":{"line":236,"column":null}},"107":{"start":{"line":236,"column":23},"end":{"line":236,"column":null}},"108":{"start":{"line":239,"column":6},"end":{"line":239,"column":null}},"109":{"start":{"line":240,"column":6},"end":{"line":240,"column":null}},"110":{"start":{"line":243,"column":6},"end":{"line":243,"column":null}},"111":{"start":{"line":245,"column":6},"end":{"line":245,"column":null}},"112":{"start":{"line":246,"column":6},"end":{"line":246,"column":null}},"113":{"start":{"line":248,"column":6},"end":{"line":248,"column":null}},"114":{"start":{"line":249,"column":27},"end":{"line":249,"column":null}},"115":{"start":{"line":250,"column":6},"end":{"line":250,"column":null}},"116":{"start":{"line":252,"column":6},"end":{"line":252,"column":null}},"117":{"start":{"line":256,"column":34},"end":{"line":278,"column":null}},"118":{"start":{"line":257,"column":4},"end":{"line":277,"column":null}},"119":{"start":{"line":258,"column":6},"end":{"line":258,"column":null}},"120":{"start":{"line":259,"column":24},"end":{"line":265,"column":null}},"121":{"start":{"line":267,"column":6},"end":{"line":267,"column":null}},"122":{"start":{"line":267,"column":17},"end":{"line":267,"column":null}},"123":{"start":{"line":268,"column":6},"end":{"line":268,"column":null}},"124":{"start":{"line":269,"column":6},"end":{"line":271,"column":null}},"125":{"start":{"line":270,"column":8},"end":{"line":270,"column":null}},"126":{"start":{"line":273,"column":6},"end":{"line":273,"column":null}},"127":{"start":{"line":274,"column":6},"end":{"line":274,"column":null}},"128":{"start":{"line":276,"column":6},"end":{"line":276,"column":null}},"129":{"start":{"line":280,"column":29},"end":{"line":321,"column":null}},"130":{"start":{"line":283,"column":4},"end":{"line":286,"column":null}},"131":{"start":{"line":284,"column":6},"end":{"line":284,"column":null}},"132":{"start":{"line":285,"column":6},"end":{"line":285,"column":null}},"133":{"start":{"line":288,"column":4},"end":{"line":320,"column":null}},"134":{"start":{"line":289,"column":6},"end":{"line":289,"column":null}},"135":{"start":{"line":290,"column":24},"end":{"line":298,"column":null}},"136":{"start":{"line":300,"column":6},"end":{"line":300,"column":null}},"137":{"start":{"line":300,"column":17},"end":{"line":300,"column":null}},"138":{"start":{"line":303,"column":6},"end":{"line":303,"column":null}},"139":{"start":{"line":305,"column":6},"end":{"line":312,"column":null}},"140":{"start":{"line":306,"column":8},"end":{"line":311,"column":null}},"141":{"start":{"line":314,"column":6},"end":{"line":314,"column":null}},"142":{"start":{"line":316,"column":6},"end":{"line":316,"column":null}},"143":{"start":{"line":317,"column":6},"end":{"line":317,"column":null}},"144":{"start":{"line":319,"column":6},"end":{"line":319,"column":null}},"145":{"start":{"line":323,"column":8},"end":{"line":333,"column":null}},"146":{"start":{"line":324,"column":4},"end":{"line":332,"column":null}},"147":{"start":{"line":325,"column":18},"end":{"line":325,"column":null}},"148":{"start":{"line":326,"column":24},"end":{"line":326,"column":null}},"149":{"start":{"line":327,"column":25},"end":{"line":327,"column":null}},"150":{"start":{"line":328,"column":22},"end":{"line":328,"column":null}},"151":{"start":{"line":329,"column":24},"end":{"line":329,"column":null}},"152":{"start":{"line":330,"column":24},"end":{"line":330,"column":null}},"153":{"start":{"line":331,"column":15},"end":{"line":331,"column":null}},"154":{"start":{"line":335,"column":8},"end":{"line":345,"column":null}},"155":{"start":{"line":336,"column":4},"end":{"line":344,"column":null}},"156":{"start":{"line":337,"column":18},"end":{"line":337,"column":null}},"157":{"start":{"line":338,"column":24},"end":{"line":338,"column":null}},"158":{"start":{"line":339,"column":25},"end":{"line":339,"column":null}},"159":{"start":{"line":340,"column":22},"end":{"line":340,"column":null}},"160":{"start":{"line":341,"column":24},"end":{"line":341,"column":null}},"161":{"start":{"line":342,"column":24},"end":{"line":342,"column":null}},"162":{"start":{"line":343,"column":15},"end":{"line":343,"column":null}},"163":{"start":{"line":349,"column":2},"end":{"line":358,"column":null}},"164":{"start":{"line":350,"column":4},"end":{"line":356,"column":null}},"165":{"start":{"line":360,"column":2},"end":{"line":371,"column":null}},"166":{"start":{"line":361,"column":4},"end":{"line":369,"column":null}},"167":{"start":{"line":364,"column":22},"end":{"line":364,"column":null}},"168":{"start":{"line":365,"column":25},"end":{"line":365,"column":null}},"169":{"start":{"line":374,"column":32},"end":{"line":374,"column":null}},"170":{"start":{"line":376,"column":2},"end":{"line":485,"column":null}},"171":{"start":{"line":377,"column":4},"end":{"line":483,"column":null}},"172":{"start":{"line":383,"column":31},"end":{"line":383,"column":null}},"173":{"start":{"line":440,"column":33},"end":{"line":440,"column":null}},"174":{"start":{"line":441,"column":33},"end":{"line":441,"column":null}},"175":{"start":{"line":443,"column":16},"end":{"line":477,"column":null}},"176":{"start":{"line":469,"column":39},"end":{"line":469,"column":null}},"177":{"start":{"line":487,"column":2},"end":{"line":676,"column":null}},"178":{"start":{"line":528,"column":27},"end":{"line":528,"column":null}},"179":{"start":{"line":536,"column":27},"end":{"line":536,"column":null}},"180":{"start":{"line":544,"column":27},"end":{"line":544,"column":null}},"181":{"start":{"line":552,"column":27},"end":{"line":552,"column":null}},"182":{"start":{"line":560,"column":27},"end":{"line":560,"column":null}},"183":{"start":{"line":568,"column":27},"end":{"line":568,"column":null}},"184":{"start":{"line":576,"column":27},"end":{"line":576,"column":null}},"185":{"start":{"line":594,"column":33},"end":{"line":594,"column":null}},"186":{"start":{"line":655,"column":14},"end":{"line":663,"column":null}},"187":{"start":{"line":658,"column":30},"end":{"line":658,"column":null}},"188":{"start":{"line":662,"column":38},"end":{"line":662,"column":null}},"189":{"start":{"line":690,"column":6},"end":{"line":769,"column":null}},"190":{"start":{"line":691,"column":21},"end":{"line":691,"column":null}},"191":{"start":{"line":691,"column":61},"end":{"line":691,"column":82}},"192":{"start":{"line":692,"column":21},"end":{"line":692,"column":null}},"193":{"start":{"line":694,"column":2},"end":{"line":767,"column":null}},"194":{"start":{"line":705,"column":14},"end":{"line":705,"column":null}},"195":{"start":{"line":706,"column":14},"end":{"line":706,"column":null}},"196":{"start":{"line":708,"column":28},"end":{"line":708,"column":null}},"197":{"start":{"line":757,"column":14},"end":{"line":757,"column":null}},"198":{"start":{"line":758,"column":14},"end":{"line":758,"column":null}},"199":{"start":{"line":781,"column":6},"end":{"line":1121,"column":null}},"200":{"start":{"line":789,"column":23},"end":{"line":789,"column":35}},"201":{"start":{"line":790,"column":46},"end":{"line":790,"column":null}},"202":{"start":{"line":791,"column":42},"end":{"line":791,"column":null}},"203":{"start":{"line":794,"column":46},"end":{"line":794,"column":null}},"204":{"start":{"line":797,"column":2},"end":{"line":801,"column":null}},"205":{"start":{"line":798,"column":4},"end":{"line":798,"column":null}},"206":{"start":{"line":799,"column":4},"end":{"line":799,"column":null}},"207":{"start":{"line":800,"column":4},"end":{"line":800,"column":null}},"208":{"start":{"line":806,"column":25},"end":{"line":806,"column":null}},"209":{"start":{"line":806,"column":46},"end":{"line":806,"column":57}},"210":{"start":{"line":807,"column":27},"end":{"line":807,"column":null}},"211":{"start":{"line":808,"column":26},"end":{"line":808,"column":null}},"212":{"start":{"line":808,"column":45},"end":{"line":808,"column":72}},"213":{"start":{"line":809,"column":22},"end":{"line":811,"column":null}},"214":{"start":{"line":813,"column":21},"end":{"line":813,"column":null}},"215":{"start":{"line":813,"column":61},"end":{"line":813,"column":82}},"216":{"start":{"line":814,"column":21},"end":{"line":814,"column":null}},"217":{"start":{"line":816,"column":2},"end":{"line":1119,"column":null}},"218":{"start":{"line":913,"column":39},"end":{"line":913,"column":null}},"219":{"start":{"line":918,"column":24},"end":{"line":918,"column":null}},"220":{"start":{"line":930,"column":39},"end":{"line":930,"column":null}},"221":{"start":{"line":955,"column":35},"end":{"line":955,"column":null}},"222":{"start":{"line":961,"column":31},"end":{"line":961,"column":null}},"223":{"start":{"line":975,"column":16},"end":{"line":987,"column":null}},"224":{"start":{"line":1005,"column":20},"end":{"line":1005,"column":null}},"225":{"start":{"line":1006,"column":20},"end":{"line":1009,"column":null}},"226":{"start":{"line":1075,"column":35},"end":{"line":1075,"column":null}},"227":{"start":{"line":1084,"column":35},"end":{"line":1084,"column":null}},"228":{"start":{"line":1093,"column":35},"end":{"line":1093,"column":null}},"229":{"start":{"line":1103,"column":22},"end":{"line":1105,"column":null}},"230":{"start":{"line":1104,"column":24},"end":{"line":1104,"column":null}}},"fnMap":{"0":{"name":"(anonymous_0)","decl":{"start":{"line":16,"column":6},"end":{"line":16,"column":53}},"loc":{"start":{"line":16,"column":68},"end":{"line":678,"column":null}},"line":16},"1":{"name":"(anonymous_1)","decl":{"start":{"line":47,"column":2},"end":{"line":47,"column":18}},"loc":{"start":{"line":47,"column":18},"end":{"line":49,"column":5}},"line":47},"2":{"name":"(anonymous_2)","decl":{"start":{"line":51,"column":24},"end":{"line":51,"column":36}},"loc":{"start":{"line":51,"column":36},"end":{"line":55,"column":null}},"line":51},"3":{"name":"(anonymous_3)","decl":{"start":{"line":54,"column":4},"end":{"line":54,"column":21}},"loc":{"start":{"line":54,"column":21},"end":{"line":54,"column":45}},"line":54},"4":{"name":"(anonymous_4)","decl":{"start":{"line":57,"column":8},"end":{"line":57,"column":32}},"loc":{"start":{"line":57,"column":52},"end":{"line":67,"column":null}},"line":57},"5":{"name":"(anonymous_5)","decl":{"start":{"line":58,"column":4},"end":{"line":58,"column":24}},"loc":{"start":{"line":58,"column":32},"end":{"line":66,"column":5}},"line":58},"6":{"name":"(anonymous_6)","decl":{"start":{"line":69,"column":8},"end":{"line":69,"column":32}},"loc":{"start":{"line":69,"column":32},"end":{"line":75,"column":null}},"line":69},"7":{"name":"(anonymous_7)","decl":{"start":{"line":73,"column":41},"end":{"line":73,"column":45}},"loc":{"start":{"line":73,"column":50},"end":{"line":73,"column":54}},"line":73},"8":{"name":"(anonymous_8)","decl":{"start":{"line":77,"column":31},"end":{"line":77,"column":43}},"loc":{"start":{"line":77,"column":43},"end":{"line":97,"column":null}},"line":77},"9":{"name":"(anonymous_9)","decl":{"start":{"line":99,"column":20},"end":{"line":99,"column":32}},"loc":{"start":{"line":99,"column":32},"end":{"line":105,"column":null}},"line":99},"10":{"name":"(anonymous_10)","decl":{"start":{"line":107,"column":29},"end":{"line":107,"column":36}},"loc":{"start":{"line":107,"column":53},"end":{"line":121,"column":null}},"line":107},"11":{"name":"(anonymous_11)","decl":{"start":{"line":123,"column":29},"end":{"line":123,"column":36}},"loc":{"start":{"line":123,"column":53},"end":{"line":254,"column":null}},"line":123},"12":{"name":"(anonymous_12)","decl":{"start":{"line":256,"column":34},"end":{"line":256,"column":41}},"loc":{"start":{"line":256,"column":80},"end":{"line":278,"column":null}},"line":256},"13":{"name":"(anonymous_13)","decl":{"start":{"line":280,"column":29},"end":{"line":280,"column":36}},"loc":{"start":{"line":280,"column":128},"end":{"line":321,"column":null}},"line":280},"14":{"name":"(anonymous_14)","decl":{"start":{"line":323,"column":8},"end":{"line":323,"column":26}},"loc":{"start":{"line":323,"column":45},"end":{"line":333,"column":null}},"line":323},"15":{"name":"(anonymous_15)","decl":{"start":{"line":335,"column":8},"end":{"line":335,"column":25}},"loc":{"start":{"line":335,"column":44},"end":{"line":345,"column":null}},"line":335},"16":{"name":"(anonymous_16)","decl":{"start":{"line":364,"column":8},"end":{"line":364,"column":22}},"loc":{"start":{"line":364,"column":22},"end":{"line":364,"column":null}},"line":364},"17":{"name":"(anonymous_17)","decl":{"start":{"line":365,"column":8},"end":{"line":365,"column":25}},"loc":{"start":{"line":365,"column":25},"end":{"line":365,"column":null}},"line":365},"18":{"name":"(anonymous_18)","decl":{"start":{"line":383,"column":16},"end":{"line":383,"column":31}},"loc":{"start":{"line":383,"column":31},"end":{"line":383,"column":null}},"line":383},"19":{"name":"(anonymous_19)","decl":{"start":{"line":439,"column":28},"end":{"line":439,"column":33}},"loc":{"start":{"line":439,"column":44},"end":{"line":479,"column":15}},"line":439},"20":{"name":"(anonymous_20)","decl":{"start":{"line":469,"column":24},"end":{"line":469,"column":39}},"loc":{"start":{"line":469,"column":39},"end":{"line":469,"column":null}},"line":469},"21":{"name":"(anonymous_21)","decl":{"start":{"line":528,"column":12},"end":{"line":528,"column":27}},"loc":{"start":{"line":528,"column":27},"end":{"line":528,"column":null}},"line":528},"22":{"name":"(anonymous_22)","decl":{"start":{"line":536,"column":12},"end":{"line":536,"column":27}},"loc":{"start":{"line":536,"column":27},"end":{"line":536,"column":null}},"line":536},"23":{"name":"(anonymous_23)","decl":{"start":{"line":544,"column":12},"end":{"line":544,"column":27}},"loc":{"start":{"line":544,"column":27},"end":{"line":544,"column":null}},"line":544},"24":{"name":"(anonymous_24)","decl":{"start":{"line":552,"column":12},"end":{"line":552,"column":27}},"loc":{"start":{"line":552,"column":27},"end":{"line":552,"column":null}},"line":552},"25":{"name":"(anonymous_25)","decl":{"start":{"line":560,"column":12},"end":{"line":560,"column":27}},"loc":{"start":{"line":560,"column":27},"end":{"line":560,"column":null}},"line":560},"26":{"name":"(anonymous_26)","decl":{"start":{"line":568,"column":12},"end":{"line":568,"column":27}},"loc":{"start":{"line":568,"column":27},"end":{"line":568,"column":null}},"line":568},"27":{"name":"(anonymous_27)","decl":{"start":{"line":576,"column":12},"end":{"line":576,"column":27}},"loc":{"start":{"line":576,"column":27},"end":{"line":576,"column":null}},"line":576},"28":{"name":"(anonymous_28)","decl":{"start":{"line":594,"column":16},"end":{"line":594,"column":27}},"loc":{"start":{"line":594,"column":33},"end":{"line":594,"column":null}},"line":594},"29":{"name":"(anonymous_29)","decl":{"start":{"line":654,"column":19},"end":{"line":654,"column":24}},"loc":{"start":{"line":655,"column":14},"end":{"line":663,"column":null}},"line":655},"30":{"name":"(anonymous_30)","decl":{"start":{"line":658,"column":16},"end":{"line":658,"column":30}},"loc":{"start":{"line":658,"column":30},"end":{"line":658,"column":null}},"line":658},"31":{"name":"(anonymous_31)","decl":{"start":{"line":662,"column":16},"end":{"line":662,"column":38}},"loc":{"start":{"line":662,"column":38},"end":{"line":662,"column":null}},"line":662},"32":{"name":"(anonymous_32)","decl":{"start":{"line":690,"column":6},"end":{"line":690,"column":45}},"loc":{"start":{"line":690,"column":126},"end":{"line":769,"column":null}},"line":690},"33":{"name":"(anonymous_33)","decl":{"start":{"line":691,"column":39},"end":{"line":691,"column":47}},"loc":{"start":{"line":691,"column":61},"end":{"line":691,"column":82}},"line":691},"34":{"name":"(anonymous_34)","decl":{"start":{"line":704,"column":12},"end":{"line":704,"column":23}},"loc":{"start":{"line":704,"column":29},"end":{"line":707,"column":null}},"line":704},"35":{"name":"(anonymous_35)","decl":{"start":{"line":708,"column":12},"end":{"line":708,"column":22}},"loc":{"start":{"line":708,"column":28},"end":{"line":708,"column":null}},"line":708},"36":{"name":"(anonymous_36)","decl":{"start":{"line":756,"column":12},"end":{"line":756,"column":22}},"loc":{"start":{"line":756,"column":28},"end":{"line":759,"column":null}},"line":756},"37":{"name":"(anonymous_37)","decl":{"start":{"line":781,"column":6},"end":{"line":781,"column":59}},"loc":{"start":{"line":788,"column":6},"end":{"line":1121,"column":null}},"line":788},"38":{"name":"(anonymous_38)","decl":{"start":{"line":797,"column":2},"end":{"line":797,"column":18}},"loc":{"start":{"line":797,"column":18},"end":{"line":801,"column":5}},"line":797},"39":{"name":"(anonymous_39)","decl":{"start":{"line":806,"column":34},"end":{"line":806,"column":41}},"loc":{"start":{"line":806,"column":46},"end":{"line":806,"column":57}},"line":806},"40":{"name":"(anonymous_40)","decl":{"start":{"line":808,"column":35},"end":{"line":808,"column":40}},"loc":{"start":{"line":808,"column":45},"end":{"line":808,"column":72}},"line":808},"41":{"name":"(anonymous_41)","decl":{"start":{"line":813,"column":39},"end":{"line":813,"column":47}},"loc":{"start":{"line":813,"column":61},"end":{"line":813,"column":82}},"line":813},"42":{"name":"(anonymous_42)","decl":{"start":{"line":913,"column":22},"end":{"line":913,"column":33}},"loc":{"start":{"line":913,"column":39},"end":{"line":913,"column":null}},"line":913},"43":{"name":"(anonymous_43)","decl":{"start":{"line":917,"column":38},"end":{"line":917,"column":42}},"loc":{"start":{"line":918,"column":24},"end":{"line":918,"column":null}},"line":918},"44":{"name":"(anonymous_44)","decl":{"start":{"line":930,"column":22},"end":{"line":930,"column":33}},"loc":{"start":{"line":930,"column":39},"end":{"line":930,"column":null}},"line":930},"45":{"name":"(anonymous_45)","decl":{"start":{"line":955,"column":18},"end":{"line":955,"column":29}},"loc":{"start":{"line":955,"column":35},"end":{"line":955,"column":null}},"line":955},"46":{"name":"(anonymous_46)","decl":{"start":{"line":961,"column":16},"end":{"line":961,"column":31}},"loc":{"start":{"line":961,"column":31},"end":{"line":961,"column":null}},"line":961},"47":{"name":"(anonymous_47)","decl":{"start":{"line":974,"column":33},"end":{"line":974,"column":38}},"loc":{"start":{"line":975,"column":16},"end":{"line":987,"column":null}},"line":975},"48":{"name":"(anonymous_48)","decl":{"start":{"line":1004,"column":18},"end":{"line":1004,"column":28}},"loc":{"start":{"line":1004,"column":34},"end":{"line":1012,"column":null}},"line":1004},"49":{"name":"(anonymous_49)","decl":{"start":{"line":1075,"column":20},"end":{"line":1075,"column":35}},"loc":{"start":{"line":1075,"column":35},"end":{"line":1075,"column":null}},"line":1075},"50":{"name":"(anonymous_50)","decl":{"start":{"line":1084,"column":20},"end":{"line":1084,"column":35}},"loc":{"start":{"line":1084,"column":35},"end":{"line":1084,"column":null}},"line":1084},"51":{"name":"(anonymous_51)","decl":{"start":{"line":1093,"column":20},"end":{"line":1093,"column":35}},"loc":{"start":{"line":1093,"column":35},"end":{"line":1093,"column":null}},"line":1093},"52":{"name":"(anonymous_52)","decl":{"start":{"line":1102,"column":20},"end":{"line":1102,"column":35}},"loc":{"start":{"line":1102,"column":35},"end":{"line":1106,"column":null}},"line":1102}},"branchMap":{"0":{"loc":{"start":{"line":60,"column":6},"end":{"line":64,"column":null}},"type":"if","locations":[{"start":{"line":60,"column":6},"end":{"line":64,"column":null}},{"start":{"line":62,"column":13},"end":{"line":64,"column":null}}],"line":60},"1":{"loc":{"start":{"line":70,"column":4},"end":{"line":74,"column":null}},"type":"if","locations":[{"start":{"line":70,"column":4},"end":{"line":74,"column":null}},{"start":{"line":72,"column":11},"end":{"line":74,"column":null}}],"line":70},"2":{"loc":{"start":{"line":78,"column":4},"end":{"line":78,"column":null}},"type":"if","locations":[{"start":{"line":78,"column":4},"end":{"line":78,"column":null}},{"start":{},"end":{}}],"line":78},"3":{"loc":{"start":{"line":85,"column":4},"end":{"line":85,"column":null}},"type":"if","locations":[{"start":{"line":85,"column":4},"end":{"line":85,"column":null}},{"start":{},"end":{}}],"line":85},"4":{"loc":{"start":{"line":91,"column":4},"end":{"line":96,"column":null}},"type":"if","locations":[{"start":{"line":91,"column":4},"end":{"line":96,"column":null}},{"start":{"line":94,"column":11},"end":{"line":96,"column":null}}],"line":91},"5":{"loc":{"start":{"line":95,"column":12},"end":{"line":95,"column":81}},"type":"binary-expr","locations":[{"start":{"line":95,"column":12},"end":{"line":95,"column":28}},{"start":{"line":95,"column":28},"end":{"line":95,"column":81}}],"line":95},"6":{"loc":{"start":{"line":113,"column":4},"end":{"line":118,"column":null}},"type":"if","locations":[{"start":{"line":113,"column":4},"end":{"line":118,"column":null}},{"start":{"line":115,"column":11},"end":{"line":118,"column":null}}],"line":113},"7":{"loc":{"start":{"line":117,"column":18},"end":{"line":117,"column":94}},"type":"binary-expr","locations":[{"start":{"line":117,"column":18},"end":{"line":117,"column":34}},{"start":{"line":117,"column":34},"end":{"line":117,"column":94}}],"line":117},"8":{"loc":{"start":{"line":117,"column":61},"end":{"line":117,"column":92}},"type":"binary-expr","locations":[{"start":{"line":117,"column":61},"end":{"line":117,"column":83}},{"start":{"line":117,"column":83},"end":{"line":117,"column":92}}],"line":117},"9":{"loc":{"start":{"line":124,"column":4},"end":{"line":126,"column":null}},"type":"if","locations":[{"start":{"line":124,"column":4},"end":{"line":126,"column":null}},{"start":{},"end":{}}],"line":124},"10":{"loc":{"start":{"line":124,"column":35},"end":{"line":124,"column":78}},"type":"binary-expr","locations":[{"start":{"line":124,"column":35},"end":{"line":124,"column":57}},{"start":{"line":124,"column":57},"end":{"line":124,"column":78}}],"line":124},"11":{"loc":{"start":{"line":136,"column":8},"end":{"line":173,"column":null}},"type":"if","locations":[{"start":{"line":136,"column":8},"end":{"line":173,"column":null}},{"start":{"line":155,"column":15},"end":{"line":173,"column":null}}],"line":136},"12":{"loc":{"start":{"line":144,"column":10},"end":{"line":149,"column":null}},"type":"if","locations":[{"start":{"line":144,"column":10},"end":{"line":149,"column":null}},{"start":{},"end":{}}],"line":144},"13":{"loc":{"start":{"line":145,"column":12},"end":{"line":147,"column":null}},"type":"if","locations":[{"start":{"line":145,"column":12},"end":{"line":147,"column":null}},{"start":{},"end":{}}],"line":145},"14":{"loc":{"start":{"line":151,"column":10},"end":{"line":154,"column":null}},"type":"if","locations":[{"start":{"line":151,"column":10},"end":{"line":154,"column":null}},{"start":{},"end":{}}],"line":151},"15":{"loc":{"start":{"line":151,"column":14},"end":{"line":151,"column":70}},"type":"binary-expr","locations":[{"start":{"line":151,"column":14},"end":{"line":151,"column":28}},{"start":{"line":151,"column":28},"end":{"line":151,"column":70}}],"line":151},"16":{"loc":{"start":{"line":152,"column":65},"end":{"line":152,"column":91}},"type":"binary-expr","locations":[{"start":{"line":152,"column":65},"end":{"line":152,"column":88}},{"start":{"line":152,"column":88},"end":{"line":152,"column":91}}],"line":152},"17":{"loc":{"start":{"line":152,"column":106},"end":{"line":152,"column":137}},"type":"binary-expr","locations":[{"start":{"line":152,"column":106},"end":{"line":152,"column":135}},{"start":{"line":152,"column":135},"end":{"line":152,"column":137}}],"line":152},"18":{"loc":{"start":{"line":163,"column":10},"end":{"line":168,"column":null}},"type":"if","locations":[{"start":{"line":163,"column":10},"end":{"line":168,"column":null}},{"start":{},"end":{}}],"line":163},"19":{"loc":{"start":{"line":164,"column":12},"end":{"line":166,"column":null}},"type":"if","locations":[{"start":{"line":164,"column":12},"end":{"line":166,"column":null}},{"start":{},"end":{}}],"line":164},"20":{"loc":{"start":{"line":169,"column":10},"end":{"line":172,"column":null}},"type":"if","locations":[{"start":{"line":169,"column":10},"end":{"line":172,"column":null}},{"start":{},"end":{}}],"line":169},"21":{"loc":{"start":{"line":169,"column":14},"end":{"line":169,"column":66}},"type":"binary-expr","locations":[{"start":{"line":169,"column":14},"end":{"line":169,"column":26}},{"start":{"line":169,"column":26},"end":{"line":169,"column":66}}],"line":169},"22":{"loc":{"start":{"line":170,"column":77},"end":{"line":170,"column":106}},"type":"binary-expr","locations":[{"start":{"line":170,"column":77},"end":{"line":170,"column":104}},{"start":{"line":170,"column":104},"end":{"line":170,"column":106}}],"line":170},"23":{"loc":{"start":{"line":179,"column":8},"end":{"line":223,"column":null}},"type":"if","locations":[{"start":{"line":179,"column":8},"end":{"line":223,"column":null}},{"start":{"line":201,"column":15},"end":{"line":223,"column":null}}],"line":179},"24":{"loc":{"start":{"line":187,"column":10},"end":{"line":190,"column":null}},"type":"if","locations":[{"start":{"line":187,"column":10},"end":{"line":190,"column":null}},{"start":{},"end":{}}],"line":187},"25":{"loc":{"start":{"line":188,"column":12},"end":{"line":188,"column":null}},"type":"if","locations":[{"start":{"line":188,"column":12},"end":{"line":188,"column":null}},{"start":{},"end":{}}],"line":188},"26":{"loc":{"start":{"line":192,"column":10},"end":{"line":200,"column":null}},"type":"if","locations":[{"start":{"line":192,"column":10},"end":{"line":200,"column":null}},{"start":{},"end":{}}],"line":192},"27":{"loc":{"start":{"line":199,"column":12},"end":{"line":199,"column":null}},"type":"if","locations":[{"start":{"line":199,"column":12},"end":{"line":199,"column":null}},{"start":{},"end":{}}],"line":199},"28":{"loc":{"start":{"line":209,"column":10},"end":{"line":212,"column":null}},"type":"if","locations":[{"start":{"line":209,"column":10},"end":{"line":212,"column":null}},{"start":{},"end":{}}],"line":209},"29":{"loc":{"start":{"line":210,"column":12},"end":{"line":210,"column":null}},"type":"if","locations":[{"start":{"line":210,"column":12},"end":{"line":210,"column":null}},{"start":{},"end":{}}],"line":210},"30":{"loc":{"start":{"line":214,"column":10},"end":{"line":222,"column":null}},"type":"if","locations":[{"start":{"line":214,"column":10},"end":{"line":222,"column":null}},{"start":{},"end":{}}],"line":214},"31":{"loc":{"start":{"line":221,"column":12},"end":{"line":221,"column":null}},"type":"if","locations":[{"start":{"line":221,"column":12},"end":{"line":221,"column":null}},{"start":{},"end":{}}],"line":221},"32":{"loc":{"start":{"line":236,"column":6},"end":{"line":236,"column":null}},"type":"if","locations":[{"start":{"line":236,"column":6},"end":{"line":236,"column":null}},{"start":{},"end":{}}],"line":236},"33":{"loc":{"start":{"line":249,"column":27},"end":{"line":249,"column":null}},"type":"cond-expr","locations":[{"start":{"line":249,"column":52},"end":{"line":249,"column":68}},{"start":{"line":249,"column":68},"end":{"line":249,"column":null}}],"line":249},"34":{"loc":{"start":{"line":249,"column":68},"end":{"line":249,"column":null}},"type":"binary-expr","locations":[{"start":{"line":249,"column":68},"end":{"line":249,"column":86}},{"start":{"line":249,"column":86},"end":{"line":249,"column":null}}],"line":249},"35":{"loc":{"start":{"line":267,"column":6},"end":{"line":267,"column":null}},"type":"if","locations":[{"start":{"line":267,"column":6},"end":{"line":267,"column":null}},{"start":{},"end":{}}],"line":267},"36":{"loc":{"start":{"line":269,"column":6},"end":{"line":271,"column":null}},"type":"if","locations":[{"start":{"line":269,"column":6},"end":{"line":271,"column":null}},{"start":{},"end":{}}],"line":269},"37":{"loc":{"start":{"line":283,"column":4},"end":{"line":286,"column":null}},"type":"if","locations":[{"start":{"line":283,"column":4},"end":{"line":286,"column":null}},{"start":{},"end":{}}],"line":283},"38":{"loc":{"start":{"line":293,"column":27},"end":{"line":293,"column":null}},"type":"binary-expr","locations":[{"start":{"line":293,"column":27},"end":{"line":293,"column":45}},{"start":{"line":293,"column":45},"end":{"line":293,"column":null}}],"line":293},"39":{"loc":{"start":{"line":295,"column":25},"end":{"line":295,"column":null}},"type":"binary-expr","locations":[{"start":{"line":295,"column":25},"end":{"line":295,"column":41}},{"start":{"line":295,"column":41},"end":{"line":295,"column":null}}],"line":295},"40":{"loc":{"start":{"line":300,"column":6},"end":{"line":300,"column":null}},"type":"if","locations":[{"start":{"line":300,"column":6},"end":{"line":300,"column":null}},{"start":{},"end":{}}],"line":300},"41":{"loc":{"start":{"line":305,"column":6},"end":{"line":312,"column":null}},"type":"if","locations":[{"start":{"line":305,"column":6},"end":{"line":312,"column":null}},{"start":{},"end":{}}],"line":305},"42":{"loc":{"start":{"line":308,"column":27},"end":{"line":308,"column":null}},"type":"binary-expr","locations":[{"start":{"line":308,"column":27},"end":{"line":308,"column":45}},{"start":{"line":308,"column":45},"end":{"line":308,"column":null}}],"line":308},"43":{"loc":{"start":{"line":310,"column":25},"end":{"line":310,"column":null}},"type":"binary-expr","locations":[{"start":{"line":310,"column":25},"end":{"line":310,"column":41}},{"start":{"line":310,"column":41},"end":{"line":310,"column":null}}],"line":310},"44":{"loc":{"start":{"line":324,"column":4},"end":{"line":332,"column":null}},"type":"switch","locations":[{"start":{"line":325,"column":6},"end":{"line":325,"column":null}},{"start":{"line":326,"column":6},"end":{"line":326,"column":null}},{"start":{"line":327,"column":6},"end":{"line":327,"column":null}},{"start":{"line":328,"column":6},"end":{"line":328,"column":null}},{"start":{"line":329,"column":6},"end":{"line":329,"column":null}},{"start":{"line":330,"column":6},"end":{"line":330,"column":null}},{"start":{"line":331,"column":6},"end":{"line":331,"column":null}}],"line":324},"45":{"loc":{"start":{"line":336,"column":4},"end":{"line":344,"column":null}},"type":"switch","locations":[{"start":{"line":337,"column":6},"end":{"line":337,"column":null}},{"start":{"line":338,"column":6},"end":{"line":338,"column":null}},{"start":{"line":339,"column":6},"end":{"line":339,"column":null}},{"start":{"line":340,"column":6},"end":{"line":340,"column":null}},{"start":{"line":341,"column":6},"end":{"line":341,"column":null}},{"start":{"line":342,"column":6},"end":{"line":342,"column":null}},{"start":{"line":343,"column":6},"end":{"line":343,"column":null}}],"line":336},"46":{"loc":{"start":{"line":349,"column":2},"end":{"line":358,"column":null}},"type":"if","locations":[{"start":{"line":349,"column":2},"end":{"line":358,"column":null}},{"start":{},"end":{}}],"line":349},"47":{"loc":{"start":{"line":349,"column":6},"end":{"line":349,"column":38}},"type":"binary-expr","locations":[{"start":{"line":349,"column":6},"end":{"line":349,"column":17}},{"start":{"line":349,"column":17},"end":{"line":349,"column":38}}],"line":349},"48":{"loc":{"start":{"line":360,"column":2},"end":{"line":371,"column":null}},"type":"if","locations":[{"start":{"line":360,"column":2},"end":{"line":371,"column":null}},{"start":{},"end":{}}],"line":360},"49":{"loc":{"start":{"line":376,"column":2},"end":{"line":485,"column":null}},"type":"if","locations":[{"start":{"line":376,"column":2},"end":{"line":485,"column":null}},{"start":{},"end":{}}],"line":376},"50":{"loc":{"start":{"line":399,"column":17},"end":{"line":401,"column":null}},"type":"cond-expr","locations":[{"start":{"line":400,"column":20},"end":{"line":400,"column":null}},{"start":{"line":401,"column":20},"end":{"line":401,"column":null}}],"line":399},"51":{"loc":{"start":{"line":401,"column":51},"end":{"line":401,"column":88}},"type":"cond-expr","locations":[{"start":{"line":401,"column":79},"end":{"line":401,"column":84}},{"start":{"line":401,"column":84},"end":{"line":401,"column":88}}],"line":401},"52":{"loc":{"start":{"line":410,"column":11},"end":{"line":417,"column":null}},"type":"binary-expr","locations":[{"start":{"line":410,"column":11},"end":{"line":410,"column":null}},{"start":{"line":411,"column":12},"end":{"line":417,"column":null}}],"line":410},"53":{"loc":{"start":{"line":420,"column":11},"end":{"line":424,"column":null}},"type":"binary-expr","locations":[{"start":{"line":420,"column":11},"end":{"line":420,"column":null}},{"start":{"line":421,"column":12},"end":{"line":424,"column":null}}],"line":420},"54":{"loc":{"start":{"line":427,"column":11},"end":{"line":434,"column":null}},"type":"binary-expr","locations":[{"start":{"line":427,"column":11},"end":{"line":427,"column":26}},{"start":{"line":427,"column":26},"end":{"line":427,"column":null}},{"start":{"line":428,"column":12},"end":{"line":434,"column":null}}],"line":427},"55":{"loc":{"start":{"line":437,"column":11},"end":{"line":480,"column":null}},"type":"binary-expr","locations":[{"start":{"line":437,"column":11},"end":{"line":437,"column":26}},{"start":{"line":437,"column":26},"end":{"line":437,"column":null}},{"start":{"line":438,"column":12},"end":{"line":480,"column":null}}],"line":437},"56":{"loc":{"start":{"line":441,"column":33},"end":{"line":441,"column":null}},"type":"binary-expr","locations":[{"start":{"line":441,"column":33},"end":{"line":441,"column":54}},{"start":{"line":441,"column":54},"end":{"line":441,"column":null}}],"line":441},"57":{"loc":{"start":{"line":450,"column":25},"end":{"line":450,"column":null}},"type":"binary-expr","locations":[{"start":{"line":450,"column":25},"end":{"line":450,"column":48}},{"start":{"line":450,"column":48},"end":{"line":450,"column":null}}],"line":450},"58":{"loc":{"start":{"line":460,"column":26},"end":{"line":462,"column":null}},"type":"cond-expr","locations":[{"start":{"line":461,"column":30},"end":{"line":461,"column":null}},{"start":{"line":462,"column":30},"end":{"line":462,"column":null}}],"line":460},"59":{"loc":{"start":{"line":474,"column":25},"end":{"line":474,"column":null}},"type":"cond-expr","locations":[{"start":{"line":474,"column":53},"end":{"line":474,"column":68}},{"start":{"line":474,"column":68},"end":{"line":474,"column":null}}],"line":474},"60":{"loc":{"start":{"line":517,"column":61},"end":{"line":517,"column":100}},"type":"cond-expr","locations":[{"start":{"line":517,"column":76},"end":{"line":517,"column":93}},{"start":{"line":517,"column":93},"end":{"line":517,"column":100}}],"line":517},"61":{"loc":{"start":{"line":529,"column":128},"end":{"line":529,"column":null}},"type":"cond-expr","locations":[{"start":{"line":529,"column":153},"end":{"line":529,"column":190}},{"start":{"line":529,"column":190},"end":{"line":529,"column":null}}],"line":529},"62":{"loc":{"start":{"line":537,"column":128},"end":{"line":537,"column":null}},"type":"cond-expr","locations":[{"start":{"line":537,"column":153},"end":{"line":537,"column":190}},{"start":{"line":537,"column":190},"end":{"line":537,"column":null}}],"line":537},"63":{"loc":{"start":{"line":545,"column":128},"end":{"line":545,"column":null}},"type":"cond-expr","locations":[{"start":{"line":545,"column":159},"end":{"line":545,"column":196}},{"start":{"line":545,"column":196},"end":{"line":545,"column":null}}],"line":545},"64":{"loc":{"start":{"line":553,"column":128},"end":{"line":553,"column":null}},"type":"cond-expr","locations":[{"start":{"line":553,"column":160},"end":{"line":553,"column":197}},{"start":{"line":553,"column":197},"end":{"line":553,"column":null}}],"line":553},"65":{"loc":{"start":{"line":561,"column":128},"end":{"line":561,"column":null}},"type":"cond-expr","locations":[{"start":{"line":561,"column":157},"end":{"line":561,"column":194}},{"start":{"line":561,"column":194},"end":{"line":561,"column":null}}],"line":561},"66":{"loc":{"start":{"line":569,"column":128},"end":{"line":569,"column":null}},"type":"cond-expr","locations":[{"start":{"line":569,"column":159},"end":{"line":569,"column":196}},{"start":{"line":569,"column":196},"end":{"line":569,"column":null}}],"line":569},"67":{"loc":{"start":{"line":577,"column":128},"end":{"line":577,"column":null}},"type":"cond-expr","locations":[{"start":{"line":577,"column":159},"end":{"line":577,"column":178}},{"start":{"line":577,"column":178},"end":{"line":577,"column":null}}],"line":577},"68":{"loc":{"start":{"line":602,"column":9},"end":{"line":612,"column":null}},"type":"binary-expr","locations":[{"start":{"line":602,"column":9},"end":{"line":602,"column":null}},{"start":{"line":603,"column":10},"end":{"line":612,"column":null}}],"line":602},"69":{"loc":{"start":{"line":616,"column":9},"end":{"line":642,"column":null}},"type":"binary-expr","locations":[{"start":{"line":616,"column":9},"end":{"line":616,"column":null}},{"start":{"line":617,"column":10},"end":{"line":642,"column":null}}],"line":616},"70":{"loc":{"start":{"line":622,"column":27},"end":{"line":622,"column":null}},"type":"binary-expr","locations":[{"start":{"line":622,"column":27},"end":{"line":622,"column":48}},{"start":{"line":622,"column":48},"end":{"line":622,"column":null}}],"line":622},"71":{"loc":{"start":{"line":628,"column":15},"end":{"line":631,"column":null}},"type":"binary-expr","locations":[{"start":{"line":628,"column":15},"end":{"line":628,"column":null}},{"start":{"line":629,"column":16},"end":{"line":631,"column":null}}],"line":628},"72":{"loc":{"start":{"line":635,"column":26},"end":{"line":635,"column":null}},"type":"binary-expr","locations":[{"start":{"line":635,"column":26},"end":{"line":635,"column":57}},{"start":{"line":635,"column":57},"end":{"line":635,"column":null}}],"line":635},"73":{"loc":{"start":{"line":639,"column":32},"end":{"line":639,"column":null}},"type":"cond-expr","locations":[{"start":{"line":639,"column":60},"end":{"line":639,"column":92}},{"start":{"line":639,"column":92},"end":{"line":639,"column":null}}],"line":639},"74":{"loc":{"start":{"line":647,"column":11},"end":{"line":664,"column":null}},"type":"cond-expr","locations":[{"start":{"line":648,"column":12},"end":{"line":654,"column":19}},{"start":{"line":654,"column":12},"end":{"line":664,"column":null}}],"line":647},"75":{"loc":{"start":{"line":669,"column":9},"end":{"line":672,"column":null}},"type":"binary-expr","locations":[{"start":{"line":669,"column":9},"end":{"line":669,"column":null}},{"start":{"line":670,"column":10},"end":{"line":672,"column":null}}],"line":669},"76":{"loc":{"start":{"line":692,"column":42},"end":{"line":692,"column":null}},"type":"binary-expr","locations":[{"start":{"line":692,"column":42},"end":{"line":692,"column":64}},{"start":{"line":692,"column":64},"end":{"line":692,"column":null}}],"line":692},"77":{"loc":{"start":{"line":697,"column":171},"end":{"line":697,"column":null}},"type":"cond-expr","locations":[{"start":{"line":697,"column":184},"end":{"line":697,"column":216}},{"start":{"line":697,"column":216},"end":{"line":697,"column":null}}],"line":697},"78":{"loc":{"start":{"line":714,"column":22},"end":{"line":714,"column":null}},"type":"binary-expr","locations":[{"start":{"line":714,"column":22},"end":{"line":714,"column":44}},{"start":{"line":714,"column":44},"end":{"line":714,"column":null}}],"line":714},"79":{"loc":{"start":{"line":721,"column":110},"end":{"line":721,"column":null}},"type":"cond-expr","locations":[{"start":{"line":721,"column":144},"end":{"line":721,"column":176}},{"start":{"line":721,"column":176},"end":{"line":721,"column":null}}],"line":721},"80":{"loc":{"start":{"line":723,"column":15},"end":{"line":723,"column":null}},"type":"cond-expr","locations":[{"start":{"line":723,"column":49},"end":{"line":723,"column":60}},{"start":{"line":723,"column":60},"end":{"line":723,"column":null}}],"line":723},"81":{"loc":{"start":{"line":741,"column":15},"end":{"line":742,"column":null}},"type":"binary-expr","locations":[{"start":{"line":741,"column":15},"end":{"line":741,"column":37}},{"start":{"line":741,"column":37},"end":{"line":741,"column":null}},{"start":{"line":742,"column":16},"end":{"line":742,"column":null}}],"line":741},"82":{"loc":{"start":{"line":790,"column":55},"end":{"line":790,"column":82}},"type":"binary-expr","locations":[{"start":{"line":790,"column":55},"end":{"line":790,"column":80}},{"start":{"line":790,"column":80},"end":{"line":790,"column":82}}],"line":790},"83":{"loc":{"start":{"line":791,"column":51},"end":{"line":791,"column":76}},"type":"binary-expr","locations":[{"start":{"line":791,"column":51},"end":{"line":791,"column":74}},{"start":{"line":791,"column":74},"end":{"line":791,"column":76}}],"line":791},"84":{"loc":{"start":{"line":798,"column":22},"end":{"line":798,"column":49}},"type":"binary-expr","locations":[{"start":{"line":798,"column":22},"end":{"line":798,"column":47}},{"start":{"line":798,"column":47},"end":{"line":798,"column":49}}],"line":798},"85":{"loc":{"start":{"line":799,"column":20},"end":{"line":799,"column":45}},"type":"binary-expr","locations":[{"start":{"line":799,"column":20},"end":{"line":799,"column":43}},{"start":{"line":799,"column":43},"end":{"line":799,"column":45}}],"line":799},"86":{"loc":{"start":{"line":807,"column":27},"end":{"line":807,"column":null}},"type":"binary-expr","locations":[{"start":{"line":807,"column":27},"end":{"line":807,"column":45}},{"start":{"line":807,"column":45},"end":{"line":807,"column":null}}],"line":807},"87":{"loc":{"start":{"line":809,"column":22},"end":{"line":811,"column":null}},"type":"cond-expr","locations":[{"start":{"line":810,"column":6},"end":{"line":810,"column":null}},{"start":{"line":811,"column":6},"end":{"line":811,"column":null}}],"line":809},"88":{"loc":{"start":{"line":809,"column":22},"end":{"line":809,"column":null}},"type":"binary-expr","locations":[{"start":{"line":809,"column":22},"end":{"line":809,"column":64}},{"start":{"line":809,"column":64},"end":{"line":809,"column":null}}],"line":809},"89":{"loc":{"start":{"line":814,"column":42},"end":{"line":814,"column":null}},"type":"binary-expr","locations":[{"start":{"line":814,"column":42},"end":{"line":814,"column":64}},{"start":{"line":814,"column":64},"end":{"line":814,"column":null}}],"line":814},"90":{"loc":{"start":{"line":830,"column":24},"end":{"line":830,"column":null}},"type":"binary-expr","locations":[{"start":{"line":830,"column":24},"end":{"line":830,"column":46}},{"start":{"line":830,"column":46},"end":{"line":830,"column":null}}],"line":830},"91":{"loc":{"start":{"line":842,"column":140},"end":{"line":847,"column":null}},"type":"cond-expr","locations":[{"start":{"line":842,"column":171},"end":{"line":842,"column":null}},{"start":{"line":843,"column":16},"end":{"line":847,"column":null}}],"line":842},"92":{"loc":{"start":{"line":843,"column":16},"end":{"line":847,"column":null}},"type":"cond-expr","locations":[{"start":{"line":843,"column":53},"end":{"line":843,"column":null}},{"start":{"line":844,"column":18},"end":{"line":847,"column":null}}],"line":843},"93":{"loc":{"start":{"line":844,"column":18},"end":{"line":847,"column":null}},"type":"cond-expr","locations":[{"start":{"line":844,"column":56},"end":{"line":844,"column":null}},{"start":{"line":845,"column":20},"end":{"line":847,"column":null}}],"line":844},"94":{"loc":{"start":{"line":845,"column":20},"end":{"line":847,"column":null}},"type":"cond-expr","locations":[{"start":{"line":845,"column":55},"end":{"line":845,"column":null}},{"start":{"line":846,"column":22},"end":{"line":847,"column":null}}],"line":845},"95":{"loc":{"start":{"line":846,"column":22},"end":{"line":847,"column":null}},"type":"cond-expr","locations":[{"start":{"line":846,"column":59},"end":{"line":846,"column":null}},{"start":{"line":847,"column":24},"end":{"line":847,"column":null}}],"line":846},"96":{"loc":{"start":{"line":852,"column":13},"end":{"line":863,"column":null}},"type":"binary-expr","locations":[{"start":{"line":852,"column":13},"end":{"line":852,"column":null}},{"start":{"line":853,"column":14},"end":{"line":863,"column":null}}],"line":852},"97":{"loc":{"start":{"line":859,"column":52},"end":{"line":859,"column":122}},"type":"cond-expr","locations":[{"start":{"line":859,"column":67},"end":{"line":859,"column":85}},{"start":{"line":859,"column":85},"end":{"line":859,"column":122}}],"line":859},"98":{"loc":{"start":{"line":860,"column":45},"end":{"line":860,"column":100}},"type":"cond-expr","locations":[{"start":{"line":860,"column":60},"end":{"line":860,"column":78}},{"start":{"line":860,"column":78},"end":{"line":860,"column":100}}],"line":860},"99":{"loc":{"start":{"line":872,"column":15},"end":{"line":876,"column":null}},"type":"binary-expr","locations":[{"start":{"line":872,"column":15},"end":{"line":872,"column":null}},{"start":{"line":873,"column":16},"end":{"line":876,"column":null}}],"line":872},"100":{"loc":{"start":{"line":886,"column":15},"end":{"line":887,"column":null}},"type":"binary-expr","locations":[{"start":{"line":886,"column":15},"end":{"line":886,"column":null}},{"start":{"line":887,"column":16},"end":{"line":887,"column":null}}],"line":886},"101":{"loc":{"start":{"line":891,"column":15},"end":{"line":892,"column":null}},"type":"binary-expr","locations":[{"start":{"line":891,"column":15},"end":{"line":891,"column":null}},{"start":{"line":892,"column":16},"end":{"line":892,"column":null}}],"line":891},"102":{"loc":{"start":{"line":916,"column":23},"end":{"line":917,"column":38}},"type":"binary-expr","locations":[{"start":{"line":916,"column":23},"end":{"line":916,"column":50}},{"start":{"line":916,"column":50},"end":{"line":917,"column":38}}],"line":916},"103":{"loc":{"start":{"line":931,"column":35},"end":{"line":931,"column":null}},"type":"cond-expr","locations":[{"start":{"line":931,"column":76},"end":{"line":931,"column":102}},{"start":{"line":931,"column":102},"end":{"line":931,"column":null}}],"line":931},"104":{"loc":{"start":{"line":935,"column":19},"end":{"line":944,"column":null}},"type":"binary-expr","locations":[{"start":{"line":935,"column":19},"end":{"line":935,"column":null}},{"start":{"line":936,"column":20},"end":{"line":944,"column":null}}],"line":935},"105":{"loc":{"start":{"line":965,"column":17},"end":{"line":965,"column":null}},"type":"cond-expr","locations":[{"start":{"line":965,"column":32},"end":{"line":965,"column":46}},{"start":{"line":965,"column":46},"end":{"line":965,"column":null}}],"line":965},"106":{"loc":{"start":{"line":978,"column":43},"end":{"line":978,"column":null}},"type":"cond-expr","locations":[{"start":{"line":978,"column":65},"end":{"line":978,"column":94}},{"start":{"line":978,"column":94},"end":{"line":978,"column":null}}],"line":978},"107":{"loc":{"start":{"line":993,"column":11},"end":{"line":1015,"column":null}},"type":"binary-expr","locations":[{"start":{"line":993,"column":11},"end":{"line":993,"column":null}},{"start":{"line":994,"column":12},"end":{"line":1015,"column":null}}],"line":993},"108":{"loc":{"start":{"line":1022,"column":65},"end":{"line":1022,"column":103}},"type":"binary-expr","locations":[{"start":{"line":1022,"column":65},"end":{"line":1022,"column":94}},{"start":{"line":1022,"column":94},"end":{"line":1022,"column":103}}],"line":1022},"109":{"loc":{"start":{"line":1024,"column":96},"end":{"line":1024,"column":null}},"type":"cond-expr","locations":[{"start":{"line":1024,"column":130},"end":{"line":1024,"column":162}},{"start":{"line":1024,"column":162},"end":{"line":1024,"column":null}}],"line":1024},"110":{"loc":{"start":{"line":1026,"column":19},"end":{"line":1026,"column":null}},"type":"cond-expr","locations":[{"start":{"line":1026,"column":53},"end":{"line":1026,"column":62}},{"start":{"line":1026,"column":62},"end":{"line":1026,"column":null}}],"line":1026},"111":{"loc":{"start":{"line":1037,"column":72},"end":{"line":1037,"column":100}},"type":"binary-expr","locations":[{"start":{"line":1037,"column":72},"end":{"line":1037,"column":98}},{"start":{"line":1037,"column":98},"end":{"line":1037,"column":100}}],"line":1037},"112":{"loc":{"start":{"line":1039,"column":15},"end":{"line":1043,"column":null}},"type":"binary-expr","locations":[{"start":{"line":1039,"column":15},"end":{"line":1039,"column":41}},{"start":{"line":1039,"column":41},"end":{"line":1039,"column":null}},{"start":{"line":1040,"column":16},"end":{"line":1043,"column":null}}],"line":1039},"113":{"loc":{"start":{"line":1041,"column":35},"end":{"line":1041,"column":63}},"type":"binary-expr","locations":[{"start":{"line":1041,"column":35},"end":{"line":1041,"column":55}},{"start":{"line":1041,"column":55},"end":{"line":1041,"column":63}}],"line":1041},"114":{"loc":{"start":{"line":1045,"column":15},"end":{"line":1049,"column":null}},"type":"binary-expr","locations":[{"start":{"line":1045,"column":15},"end":{"line":1045,"column":37}},{"start":{"line":1045,"column":37},"end":{"line":1045,"column":null}},{"start":{"line":1046,"column":16},"end":{"line":1049,"column":null}}],"line":1045},"115":{"loc":{"start":{"line":1059,"column":11},"end":{"line":1065,"column":null}},"type":"binary-expr","locations":[{"start":{"line":1059,"column":11},"end":{"line":1059,"column":null}},{"start":{"line":1060,"column":12},"end":{"line":1065,"column":null}}],"line":1059},"116":{"loc":{"start":{"line":1069,"column":11},"end":{"line":1114,"column":null}},"type":"binary-expr","locations":[{"start":{"line":1069,"column":11},"end":{"line":1069,"column":43}},{"start":{"line":1069,"column":43},"end":{"line":1069,"column":81}},{"start":{"line":1069,"column":81},"end":{"line":1069,"column":null}},{"start":{"line":1070,"column":12},"end":{"line":1114,"column":null}}],"line":1069},"117":{"loc":{"start":{"line":1073,"column":17},"end":{"line":1080,"column":null}},"type":"binary-expr","locations":[{"start":{"line":1073,"column":17},"end":{"line":1073,"column":null}},{"start":{"line":1074,"column":18},"end":{"line":1080,"column":null}}],"line":1073},"118":{"loc":{"start":{"line":1082,"column":17},"end":{"line":1089,"column":null}},"type":"binary-expr","locations":[{"start":{"line":1082,"column":17},"end":{"line":1082,"column":null}},{"start":{"line":1083,"column":18},"end":{"line":1089,"column":null}}],"line":1082},"119":{"loc":{"start":{"line":1091,"column":17},"end":{"line":1098,"column":null}},"type":"binary-expr","locations":[{"start":{"line":1091,"column":17},"end":{"line":1091,"column":null}},{"start":{"line":1092,"column":18},"end":{"line":1098,"column":null}}],"line":1091},"120":{"loc":{"start":{"line":1100,"column":18},"end":{"line":1111,"column":null}},"type":"binary-expr","locations":[{"start":{"line":1100,"column":18},"end":{"line":1100,"column":50}},{"start":{"line":1100,"column":50},"end":{"line":1100,"column":88}},{"start":{"line":1100,"column":88},"end":{"line":1100,"column":null}},{"start":{"line":1101,"column":18},"end":{"line":1111,"column":null}}],"line":1100},"121":{"loc":{"start":{"line":1103,"column":22},"end":{"line":1105,"column":null}},"type":"if","locations":[{"start":{"line":1103,"column":22},"end":{"line":1105,"column":null}},{"start":{},"end":{}}],"line":1103}},"s":{"0":2,"1":63,"2":63,"3":63,"4":63,"5":63,"6":63,"7":63,"8":63,"9":63,"10":63,"11":63,"12":63,"13":63,"14":19,"15":63,"16":0,"17":0,"18":0,"19":0,"20":63,"21":0,"22":0,"23":0,"24":0,"25":0,"26":0,"27":63,"28":1,"29":0,"30":1,"31":1,"32":63,"33":1,"34":0,"35":1,"36":1,"37":0,"38":0,"39":0,"40":0,"41":0,"42":0,"43":0,"44":0,"45":0,"46":63,"47":7,"48":7,"49":7,"50":7,"51":7,"52":63,"53":2,"54":2,"55":2,"56":2,"57":2,"58":0,"59":2,"60":63,"61":0,"62":0,"63":0,"64":0,"65":0,"66":0,"67":0,"68":0,"69":0,"70":0,"71":0,"72":0,"73":0,"74":0,"75":0,"76":0,"77":0,"78":0,"79":0,"80":0,"81":0,"82":0,"83":0,"84":0,"85":0,"86":0,"87":0,"88":0,"89":0,"90":0,"91":0,"92":0,"93":0,"94":0,"95":0,"96":0,"97":0,"98":0,"99":0,"100":0,"101":0,"102":0,"103":0,"104":0,"105":0,"106":0,"107":0,"108":0,"109":0,"110":0,"111":0,"112":0,"113":0,"114":0,"115":0,"116":0,"117":63,"118":0,"119":0,"120":0,"121":0,"122":0,"123":0,"124":0,"125":0,"126":0,"127":0,"128":0,"129":63,"130":0,"131":0,"132":0,"133":0,"134":0,"135":0,"136":0,"137":0,"138":0,"139":0,"140":0,"141":0,"142":0,"143":0,"144":0,"145":63,"146":41,"147":41,"148":0,"149":0,"150":0,"151":0,"152":0,"153":0,"154":63,"155":41,"156":41,"157":0,"158":0,"159":0,"160":0,"161":0,"162":0,"163":63,"164":2,"165":61,"166":4,"167":0,"168":0,"169":57,"170":57,"171":18,"172":1,"173":19,"174":19,"175":19,"176":2,"177":39,"178":0,"179":0,"180":0,"181":0,"182":0,"183":0,"184":0,"185":0,"186":41,"187":4,"188":0,"189":2,"190":41,"191":18,"192":41,"193":41,"194":0,"195":0,"196":0,"197":4,"198":4,"199":2,"200":4,"201":4,"202":4,"203":4,"204":4,"205":4,"206":4,"207":4,"208":4,"209":3,"210":4,"211":4,"212":3,"213":4,"214":4,"215":4,"216":4,"217":4,"218":0,"219":3,"220":0,"221":0,"222":0,"223":4,"224":0,"225":0,"226":0,"227":0,"228":0,"229":0,"230":0},"f":{"0":63,"1":19,"2":0,"3":0,"4":0,"5":0,"6":1,"7":1,"8":1,"9":7,"10":2,"11":0,"12":0,"13":0,"14":41,"15":41,"16":0,"17":0,"18":1,"19":19,"20":2,"21":0,"22":0,"23":0,"24":0,"25":0,"26":0,"27":0,"28":0,"29":41,"30":4,"31":0,"32":41,"33":18,"34":0,"35":0,"36":4,"37":4,"38":4,"39":3,"40":3,"41":4,"42":0,"43":3,"44":0,"45":0,"46":0,"47":4,"48":0,"49":0,"50":0,"51":0,"52":0},"b":{"0":[0,0],"1":[0,1],"2":[0,1],"3":[0,0],"4":[0,0],"5":[0,0],"6":[2,0],"7":[0,0],"8":[0,0],"9":[0,0],"10":[0,0],"11":[0,0],"12":[0,0],"13":[0,0],"14":[0,0],"15":[0,0],"16":[0,0],"17":[0,0],"18":[0,0],"19":[0,0],"20":[0,0],"21":[0,0],"22":[0,0],"23":[0,0],"24":[0,0],"25":[0,0],"26":[0,0],"27":[0,0],"28":[0,0],"29":[0,0],"30":[0,0],"31":[0,0],"32":[0,0],"33":[0,0],"34":[0,0],"35":[0,0],"36":[0,0],"37":[0,0],"38":[0,0],"39":[0,0],"40":[0,0],"41":[0,0],"42":[0,0],"43":[0,0],"44":[41,0,0,0,0,0,0],"45":[41,0,0,0,0,0,0],"46":[2,61],"47":[63,4],"48":[4,57],"49":[18,39],"50":[7,11],"51":[1,10],"52":[18,0],"53":[18,7],"54":[18,11,1],"55":[18,11,10],"56":[19,19],"57":[19,0],"58":[10,9],"59":[2,17],"60":[0,39],"61":[39,0],"62":[0,39],"63":[0,39],"64":[0,39],"65":[0,39],"66":[0,39],"67":[0,39],"68":[63,2],"69":[63,37],"70":[37,37],"71":[37,2],"72":[37,2],"73":[2,35],"74":[2,37],"75":[63,37],"76":[41,41],"77":[2,39],"78":[41,0],"79":[0,41],"80":[0,41],"81":[41,0,0],"82":[4,3],"83":[4,4],"84":[4,3],"85":[4,4],"86":[4,4],"87":[1,3],"88":[4,3],"89":[4,4],"90":[4,0],"91":[4,0],"92":[0,0],"93":[0,0],"94":[0,0],"95":[0,0],"96":[4,4],"97":[0,4],"98":[0,4],"99":[4,0],"100":[4,0],"101":[4,0],"102":[4,1],"103":[3,1],"104":[4,1],"105":[0,4],"106":[0,4],"107":[4,0],"108":[4,0],"109":[0,4],"110":[0,4],"111":[4,4],"112":[4,0,0],"113":[0,0],"114":[4,0,0],"115":[4,0],"116":[4,0,0,0],"117":[0,0],"118":[0,0],"119":[0,0],"120":[0,0,0,0],"121":[0,0]},"meta":{"lastBranch":122,"lastFunction":53,"lastStatement":231,"seen":{"s:16:6:678:Infinity":0,"f:16:6:16:53":0,"s:31:6:31:16":1,"s:33:44:33:Infinity":2,"s:34:42:34:Infinity":3,"s:35:42:35:Infinity":4,"s:36:50:36:Infinity":5,"s:37:48:37:65":6,"s:38:36:38:Infinity":7,"s:39:42:39:Infinity":8,"s:40:38:40:Infinity":9,"s:41:40:41:Infinity":10,"s:42:34:42:Infinity":11,"s:43:30:43:38":12,"s:47:2:49:Infinity":13,"f:47:2:47:18":1,"s:48:4:48:Infinity":14,"s:51:24:55:Infinity":15,"f:51:24:51:36":2,"s:52:4:52:Infinity":16,"s:53:4:53:Infinity":17,"s:54:4:54:Infinity":18,"f:54:4:54:21":3,"s:54:21:54:45":19,"s:57:8:67:Infinity":20,"f:57:8:57:32":4,"s:58:4:66:Infinity":21,"f:58:4:58:24":5,"s:59:19:59:Infinity":22,"b:60:6:64:Infinity:62:13:64:Infinity":0,"s:60:6:64:Infinity":23,"s:61:8:61:Infinity":24,"s:63:8:63:Infinity":25,"s:65:6:65:Infinity":26,"s:69:8:75:Infinity":27,"f:69:8:69:32":6,"b:70:4:74:Infinity:72:11:74:Infinity":1,"s:70:4:74:Infinity":28,"s:71:6:71:Infinity":29,"s:73:6:73:Infinity":30,"f:73:41:73:45":7,"s:73:50:73:54":31,"s:77:31:97:Infinity":32,"f:77:31:77:43":8,"b:78:4:78:Infinity:undefined:undefined:undefined:undefined":2,"s:78:4:78:Infinity":33,"s:78:37:78:Infinity":34,"s:79:26:79:Infinity":35,"s:80:22:84:Infinity":36,"b:85:4:85:Infinity:undefined:undefined:undefined:undefined":3,"s:85:4:85:Infinity":37,"s:85:20:85:Infinity":38,"s:87:4:87:Infinity":39,"s:88:19:88:Infinity":40,"s:89:4:89:Infinity":41,"b:91:4:96:Infinity:94:11:96:Infinity":4,"s:91:4:96:Infinity":42,"s:92:6:92:Infinity":43,"s:93:6:93:Infinity":44,"s:95:6:95:Infinity":45,"b:95:12:95:28:95:28:95:81":5,"s:99:20:105:Infinity":46,"f:99:20:99:32":9,"s:100:4:100:Infinity":47,"s:101:4:101:Infinity":48,"s:102:4:102:Infinity":49,"s:103:4:103:Infinity":50,"s:104:4:104:Infinity":51,"s:107:29:121:Infinity":52,"f:107:29:107:36":10,"s:108:4:108:Infinity":53,"s:109:4:109:Infinity":54,"s:111:19:111:Infinity":55,"b:113:4:118:Infinity:115:11:118:Infinity":6,"s:113:4:118:Infinity":56,"s:114:6:114:Infinity":57,"s:117:6:117:Infinity":58,"b:117:18:117:34:117:34:117:94":7,"b:117:61:117:83:117:83:117:92":8,"s:120:4:120:Infinity":59,"s:123:29:254:Infinity":60,"f:123:29:123:36":11,"b:124:4:126:Infinity:undefined:undefined:undefined:undefined":9,"s:124:4:126:Infinity":61,"b:124:35:124:57:124:57:124:78":10,"s:125:6:125:Infinity":62,"s:128:4:253:Infinity":63,"s:129:6:129:Infinity":64,"s:135:6:174:Infinity":65,"b:136:8:173:Infinity:155:15:173:Infinity":11,"s:136:8:173:Infinity":66,"s:138:55:142:Infinity":67,"b:144:10:149:Infinity:undefined:undefined:undefined:undefined":12,"s:144:10:149:Infinity":68,"b:145:12:147:Infinity:undefined:undefined:undefined:undefined":13,"s:145:12:147:Infinity":69,"s:146:14:146:Infinity":70,"s:148:12:148:Infinity":71,"b:151:10:154:Infinity:undefined:undefined:undefined:undefined":14,"s:151:10:154:Infinity":72,"b:151:14:151:28:151:28:151:70":15,"s:152:12:152:Infinity":73,"b:152:65:152:88:152:88:152:91":16,"b:152:106:152:135:152:135:152:137":17,"s:153:12:153:Infinity":74,"s:157:54:161:Infinity":75,"b:163:10:168:Infinity:undefined:undefined:undefined:undefined":18,"s:163:10:168:Infinity":76,"b:164:12:166:Infinity:undefined:undefined:undefined:undefined":19,"s:164:12:166:Infinity":77,"s:165:14:165:Infinity":78,"s:167:12:167:Infinity":79,"b:169:10:172:Infinity:undefined:undefined:undefined:undefined":20,"s:169:10:172:Infinity":80,"b:169:14:169:26:169:26:169:66":21,"s:170:12:170:Infinity":81,"b:170:77:170:104:170:104:170:106":22,"s:171:12:171:Infinity":82,"s:178:6:224:Infinity":83,"b:179:8:223:Infinity:201:15:223:Infinity":23,"s:179:8:223:Infinity":84,"s:181:55:185:Infinity":85,"b:187:10:190:Infinity:undefined:undefined:undefined:undefined":24,"s:187:10:190:Infinity":86,"b:188:12:188:Infinity:undefined:undefined:undefined:undefined":25,"s:188:12:188:Infinity":87,"s:188:46:188:Infinity":88,"s:189:12:189:Infinity":89,"b:192:10:200:Infinity:undefined:undefined:undefined:undefined":26,"s:192:10:200:Infinity":90,"s:193:29:193:Infinity":91,"s:194:43:197:Infinity":92,"b:199:12:199:Infinity:undefined:undefined:undefined:undefined":27,"s:199:12:199:Infinity":93,"s:199:29:199:Infinity":94,"s:203:54:207:Infinity":95,"b:209:10:212:Infinity:undefined:undefined:undefined:undefined":28,"s:209:10:212:Infinity":96,"b:210:12:210:Infinity:undefined:undefined:undefined:undefined":29,"s:210:12:210:Infinity":97,"s:210:47:210:Infinity":98,"s:211:12:211:Infinity":99,"b:214:10:222:Infinity:undefined:undefined:undefined:undefined":30,"s:214:10:222:Infinity":100,"s:215:29:215:Infinity":101,"s:216:43:219:Infinity":102,"b:221:12:221:Infinity:undefined:undefined:undefined:undefined":31,"s:221:12:221:Infinity":103,"s:221:29:221:Infinity":104,"s:227:37:234:Infinity":105,"b:236:6:236:Infinity:undefined:undefined:undefined:undefined":32,"s:236:6:236:Infinity":106,"s:236:23:236:Infinity":107,"s:239:6:239:Infinity":108,"s:240:6:240:Infinity":109,"s:243:6:243:Infinity":110,"s:245:6:245:Infinity":111,"s:246:6:246:Infinity":112,"s:248:6:248:Infinity":113,"s:249:27:249:Infinity":114,"b:249:52:249:68:249:68:249:Infinity":33,"b:249:68:249:86:249:86:249:Infinity":34,"s:250:6:250:Infinity":115,"s:252:6:252:Infinity":116,"s:256:34:278:Infinity":117,"f:256:34:256:41":12,"s:257:4:277:Infinity":118,"s:258:6:258:Infinity":119,"s:259:24:265:Infinity":120,"b:267:6:267:Infinity:undefined:undefined:undefined:undefined":35,"s:267:6:267:Infinity":121,"s:267:17:267:Infinity":122,"s:268:6:268:Infinity":123,"b:269:6:271:Infinity:undefined:undefined:undefined:undefined":36,"s:269:6:271:Infinity":124,"s:270:8:270:Infinity":125,"s:273:6:273:Infinity":126,"s:274:6:274:Infinity":127,"s:276:6:276:Infinity":128,"s:280:29:321:Infinity":129,"f:280:29:280:36":13,"b:283:4:286:Infinity:undefined:undefined:undefined:undefined":37,"s:283:4:286:Infinity":130,"s:284:6:284:Infinity":131,"s:285:6:285:Infinity":132,"s:288:4:320:Infinity":133,"s:289:6:289:Infinity":134,"s:290:24:298:Infinity":135,"b:293:27:293:45:293:45:293:Infinity":38,"b:295:25:295:41:295:41:295:Infinity":39,"b:300:6:300:Infinity:undefined:undefined:undefined:undefined":40,"s:300:6:300:Infinity":136,"s:300:17:300:Infinity":137,"s:303:6:303:Infinity":138,"b:305:6:312:Infinity:undefined:undefined:undefined:undefined":41,"s:305:6:312:Infinity":139,"s:306:8:311:Infinity":140,"b:308:27:308:45:308:45:308:Infinity":42,"b:310:25:310:41:310:41:310:Infinity":43,"s:314:6:314:Infinity":141,"s:316:6:316:Infinity":142,"s:317:6:317:Infinity":143,"s:319:6:319:Infinity":144,"s:323:8:333:Infinity":145,"f:323:8:323:26":14,"b:325:6:325:Infinity:326:6:326:Infinity:327:6:327:Infinity:328:6:328:Infinity:329:6:329:Infinity:330:6:330:Infinity:331:6:331:Infinity":44,"s:324:4:332:Infinity":146,"s:325:18:325:Infinity":147,"s:326:24:326:Infinity":148,"s:327:25:327:Infinity":149,"s:328:22:328:Infinity":150,"s:329:24:329:Infinity":151,"s:330:24:330:Infinity":152,"s:331:15:331:Infinity":153,"s:335:8:345:Infinity":154,"f:335:8:335:25":15,"b:337:6:337:Infinity:338:6:338:Infinity:339:6:339:Infinity:340:6:340:Infinity:341:6:341:Infinity:342:6:342:Infinity:343:6:343:Infinity":45,"s:336:4:344:Infinity":155,"s:337:18:337:Infinity":156,"s:338:24:338:Infinity":157,"s:339:25:339:Infinity":158,"s:340:22:340:Infinity":159,"s:341:24:341:Infinity":160,"s:342:24:342:Infinity":161,"s:343:15:343:Infinity":162,"b:349:2:358:Infinity:undefined:undefined:undefined:undefined":46,"s:349:2:358:Infinity":163,"b:349:6:349:17:349:17:349:38":47,"s:350:4:356:Infinity":164,"b:360:2:371:Infinity:undefined:undefined:undefined:undefined":48,"s:360:2:371:Infinity":165,"s:361:4:369:Infinity":166,"f:364:8:364:22":16,"s:364:22:364:Infinity":167,"f:365:8:365:25":17,"s:365:25:365:Infinity":168,"s:374:32:374:Infinity":169,"b:376:2:485:Infinity:undefined:undefined:undefined:undefined":49,"s:376:2:485:Infinity":170,"s:377:4:483:Infinity":171,"f:383:16:383:31":18,"s:383:31:383:Infinity":172,"b:400:20:400:Infinity:401:20:401:Infinity":50,"b:401:79:401:84:401:84:401:88":51,"b:410:11:410:Infinity:411:12:417:Infinity":52,"b:420:11:420:Infinity:421:12:424:Infinity":53,"b:427:11:427:26:427:26:427:Infinity:428:12:434:Infinity":54,"b:437:11:437:26:437:26:437:Infinity:438:12:480:Infinity":55,"f:439:28:439:33":19,"s:440:33:440:Infinity":173,"s:441:33:441:Infinity":174,"b:441:33:441:54:441:54:441:Infinity":56,"s:443:16:477:Infinity":175,"b:450:25:450:48:450:48:450:Infinity":57,"b:461:30:461:Infinity:462:30:462:Infinity":58,"f:469:24:469:39":20,"s:469:39:469:Infinity":176,"b:474:53:474:68:474:68:474:Infinity":59,"s:487:2:676:Infinity":177,"b:517:76:517:93:517:93:517:100":60,"f:528:12:528:27":21,"s:528:27:528:Infinity":178,"b:529:153:529:190:529:190:529:Infinity":61,"f:536:12:536:27":22,"s:536:27:536:Infinity":179,"b:537:153:537:190:537:190:537:Infinity":62,"f:544:12:544:27":23,"s:544:27:544:Infinity":180,"b:545:159:545:196:545:196:545:Infinity":63,"f:552:12:552:27":24,"s:552:27:552:Infinity":181,"b:553:160:553:197:553:197:553:Infinity":64,"f:560:12:560:27":25,"s:560:27:560:Infinity":182,"b:561:157:561:194:561:194:561:Infinity":65,"f:568:12:568:27":26,"s:568:27:568:Infinity":183,"b:569:159:569:196:569:196:569:Infinity":66,"f:576:12:576:27":27,"s:576:27:576:Infinity":184,"b:577:159:577:178:577:178:577:Infinity":67,"f:594:16:594:27":28,"s:594:33:594:Infinity":185,"b:602:9:602:Infinity:603:10:612:Infinity":68,"b:616:9:616:Infinity:617:10:642:Infinity":69,"b:622:27:622:48:622:48:622:Infinity":70,"b:628:15:628:Infinity:629:16:631:Infinity":71,"b:635:26:635:57:635:57:635:Infinity":72,"b:639:60:639:92:639:92:639:Infinity":73,"b:648:12:654:19:654:12:664:Infinity":74,"f:654:19:654:24":29,"s:655:14:663:Infinity":186,"f:658:16:658:30":30,"s:658:30:658:Infinity":187,"f:662:16:662:38":31,"s:662:38:662:Infinity":188,"b:669:9:669:Infinity:670:10:672:Infinity":75,"s:690:6:769:Infinity":189,"f:690:6:690:45":32,"s:691:21:691:Infinity":190,"f:691:39:691:47":33,"s:691:61:691:82":191,"s:692:21:692:Infinity":192,"b:692:42:692:64:692:64:692:Infinity":76,"s:694:2:767:Infinity":193,"b:697:184:697:216:697:216:697:Infinity":77,"f:704:12:704:23":34,"s:705:14:705:Infinity":194,"s:706:14:706:Infinity":195,"f:708:12:708:22":35,"s:708:28:708:Infinity":196,"b:714:22:714:44:714:44:714:Infinity":78,"b:721:144:721:176:721:176:721:Infinity":79,"b:723:49:723:60:723:60:723:Infinity":80,"b:741:15:741:37:741:37:741:Infinity:742:16:742:Infinity":81,"f:756:12:756:22":36,"s:757:14:757:Infinity":197,"s:758:14:758:Infinity":198,"s:781:6:1121:Infinity":199,"f:781:6:781:59":37,"s:789:23:789:35":200,"s:790:46:790:Infinity":201,"b:790:5
[...]
n":104}},"type":"cond-expr","locations":[{"start":{"line":282,"column":63},"end":{"line":282,"column":77}},{"start":{"line":282,"column":77},"end":{"line":282,"column":104}}],"line":282},"16":{"loc":{"start":{"line":296,"column":6},"end":{"line":296,"column":null}},"type":"if","locations":[{"start":{"line":296,"column":6},"end":{"line":296,"column":null}},{"start":{},"end":{}}],"line":296},"17":{"loc":{"start":{"line":297,"column":14},"end":{"line":297,"column":null}},"type":"binary-expr","locations":[{"start":{"line":297,"column":14},"end":{"line":297,"column":34}},{"start":{"line":297,"column":34},"end":{"line":297,"column":null}}],"line":297},"18":{"loc":{"start":{"line":311,"column":8},"end":{"line":311,"column":null}},"type":"if","locations":[{"start":{"line":311,"column":8},"end":{"line":311,"column":null}},{"start":{},"end":{}}],"line":311},"19":{"loc":{"start":{"line":317,"column":40},"end":{"line":317,"column":104}},"type":"cond-expr","locations":[{"start":{"line":317,"column":63},"end":{"line":317,"column":77}},{"start":{"line":317,"column":77},"end":{"line":317,"column":104}}],"line":317}},"s":{"0":12,"1":12,"2":12,"3":12,"4":39,"5":69,"6":69,"7":69,"8":69,"9":69,"10":69,"11":69,"12":69,"13":69,"14":69,"15":69,"16":25,"17":25,"18":2,"19":0,"20":2,"21":2,"22":25,"23":25,"24":69,"25":3,"26":69,"27":39,"28":39,"29":3,"30":39,"31":39,"32":2,"33":39,"34":69,"35":35,"36":35,"37":35,"38":35,"39":35,"40":35,"41":39,"42":39,"43":1,"44":38,"45":1,"46":37,"47":39,"48":39,"49":39,"50":33,"51":33,"52":33,"53":33,"54":1,"55":0,"56":1,"57":1,"58":1,"59":1,"60":35,"61":34,"62":69,"63":30,"64":210,"65":210,"66":180,"67":210,"68":210,"69":30,"70":30,"71":180,"72":30,"73":30,"74":180,"75":30,"76":0,"77":69,"78":28,"79":69,"80":23,"81":69,"82":7,"83":69,"84":5,"85":1,"86":4,"87":4,"88":4,"89":0,"90":4,"91":4,"92":0,"93":0,"94":69,"95":1,"96":1,"97":1,"98":0,"99":1,"100":0,"101":0,"102":69,"103":2,"104":2,"105":2,"106":0,"107":2,"108":2,"109":0,"110":0,"111":69},"f":{"0":39,"1":69,"2":25,"3":2,"4":25,"5":3,"6":39,"7":35,"8":30,"9":210,"10":180,"11":180,"12":28,"13":23,"14":7,"15":5,"16":1,"17":2},"b":{"0":[0,2],"1":[3,36],"2":[2,37],"3":[1,38],"4":[1,37],"5":[37,0],"6":[39,0],"7":[33,6],"8":[0,1],"9":[1,0],"10":[34,1],"11":[180,30],"12":[210,0],"13":[1,4],"14":[0,4],"15":[0,0],"16":[0,1],"17":[1,0],"18":[0,2],"19":[0,0]},"meta":{"lastBranch":20,"lastFunction":18,"lastStatement":112,"seen":{"s:52:30:59:Infinity":0,"s:65:35:73:Infinity":1,"s:78:39:78:Infinity":2,"s:80:27:80:Infinity":3,"f:87:9:87:24":0,"s:89:2:89:Infinity":4,"f:120:16:120:45":1,"s:121:30:121:Infinity":5,"s:122:32:122:Infinity":6,"s:123:38:123:Infinity":7,"s:124:47:124:Infinity":8,"s:125:40:125:Infinity":9,"s:126:48:126:Infinity":10,"s:127:42:127:Infinity":11,"s:128:28:128:Infinity":12,"s:131:23:131:Infinity":13,"s:134:24:134:Infinity":14,"s:138:2:146:Infinity":15,"f:138:2:138:18":2,"s:139:20:139:Infinity":16,"s:140:15:144:Infinity":17,"f:140:15:140:32":3,"b:141:6:141:Infinity:undefined:undefined:undefined:undefined":0,"s:141:6:141:Infinity":18,"s:141:45:141:Infinity":19,"s:142:6:142:Infinity":20,"s:143:6:143:Infinity":21,"s:145:4:145:Infinity":22,"f:145:4:145:17":4,"s:145:17:145:Infinity":23,"s:148:26:150:Infinity":24,"f:148:26:148:39":5,"s:149:4:149:Infinity":25,"s:154:25:182:Infinity":26,"f:154:25:154:Infinity":6,"s:156:18:161:Infinity":27,"b:163:6:165:Infinity:undefined:undefined:undefined:undefined":1,"s:163:6:165:Infinity":28,"s:164:8:164:Infinity":29,"s:167:19:167:Infinity":30,"b:168:6:177:Infinity:undefined:undefined:undefined:undefined":2,"s:168:6:177:Infinity":31,"s:169:8:176:Infinity":32,"s:179:6:179:Infinity":33,"s:184:21:219:Infinity":34,"f:184:33:184:45":7,"s:185:22:185:Infinity":35,"s:186:4:186:Infinity":36,"s:187:4:218:Infinity":37,"s:188:27:188:Infinity":38,"s:189:18:189:Infinity":39,"s:194:6:205:Infinity":40,"s:195:63:195:Infinity":41,"b:197:8:197:Infinity:undefined:undefined:undefined:undefined":3,"s:197:8:197:Infinity":42,"s:197:48:197:Infinity":43,"b:198:8:198:Infinity:undefined:undefined:undefined:undefined":4,"s:198:8:198:Infinity":44,"s:198:24:198:Infinity":45,"s:200:22:200:Infinity":46,"b:200:22:200:42:200:42:200:Infinity":5,"s:201:8:201:Infinity":47,"s:202:8:202:Infinity":48,"b:202:16:202:30:202:30:202:Infinity":6,"b:204:8:204:Infinity:undefined:undefined:undefined:undefined":7,"s:204:8:204:Infinity":49,"s:204:51:204:Infinity":50,"s:207:6:207:Infinity":51,"s:208:6:208:Infinity":52,"s:209:6:209:Infinity":53,"b:211:6:211:Infinity:undefined:undefined:undefined:undefined":8,"s:211:6:211:Infinity":54,"s:211:46:211:Infinity":55,"s:212:6:212:Infinity":56,"s:213:6:213:Infinity":57,"s:214:6:214:Infinity":58,"s:215:6:215:Infinity":59,"b:215:38:215:52:215:52:215:76":9,"b:217:6:217:Infinity:undefined:undefined:undefined:undefined":10,"s:217:6:217:Infinity":60,"s:217:46:217:Infinity":61,"s:221:27:248:Infinity":62,"f:221:39:221:51":8,"s:224:22:232:Infinity":63,"f:224:22:224:29":9,"s:225:18:228:Infinity":64,"b:229:6:229:Infinity:undefined:undefined:undefined:undefined":11,"s:229:6:229:Infinity":65,"s:229:18:229:Infinity":66,"s:230:24:230:Infinity":67,"s:231:6:231:Infinity":68,"b:231:13:231:22:231:22:231:Infinity":12,"s:234:4:247:Infinity":69,"s:235:34:238:Infinity":70,"f:237:26:237:31":10,"s:237:42:237:59":71,"s:240:33:240:Infinity":72,"s:241:6:243:Infinity":73,"f:241:21:241:30":11,"s:242:8:242:Infinity":74,"s:244:6:244:Infinity":75,"s:246:6:246:Infinity":76,"s:250:2:252:Infinity":77,"f:250:2:250:18":12,"s:251:4:251:Infinity":78,"s:254:2:256:Infinity":79,"f:254:2:254:18":13,"s:255:4:255:Infinity":80,"s:258:18:260:Infinity":81,"f:258:30:258:42":14,"s:259:4:259:Infinity":82,"s:267:23:286:Infinity":83,"f:268:4:268:11":15,"b:269:6:269:Infinity:undefined:undefined:undefined:undefined":13,"s:269:6:269:Infinity":84,"s:269:28:269:Infinity":85,"s:271:6:283:Infinity":86,"s:272:39:274:Infinity":87,"b:276:8:276:Infinity:undefined:undefined:undefined:undefined":14,"s:276:8:276:Infinity":88,"s:276:25:276:Infinity":89,"s:278:8:278:Infinity":90,"s:279:8:279:Infinity":91,"s:281:8:281:Infinity":92,"s:282:8:282:Infinity":93,"b:282:63:282:77:282:77:282:104":15,"s:288:29:302:Infinity":94,"f:288:41:288:71":16,"s:289:4:301:Infinity":95,"s:290:42:294:Infinity":96,"b:296:6:296:Infinity:undefined:undefined:undefined:undefined":16,"s:296:6:296:Infinity":97,"s:296:22:296:Infinity":98,"s:297:6:297:Infinity":99,"b:297:14:297:34:297:34:297:Infinity":17,"s:299:6:299:Infinity":100,"s:300:6:300:Infinity":101,"s:304:23:321:Infinity":102,"f:305:4:305:11":17,"s:306:6:318:Infinity":103,"s:307:39:309:Infinity":104,"b:311:8:311:Infinity:undefined:undefined:undefined:undefined":18,"s:311:8:311:Infinity":105,"s:311:25:311:Infinity":106,"s:313:8:313:Infinity":107,"s:314:8:314:Infinity":108,"s:316:8:316:Infinity":109,"s:317:8:317:Infinity":110,"b:317:63:317:77:317:77:317:104":19,"s:323:2:337:Infinity":111},"fnNames":{}}}
,"/Users/ynadonaire/orozep website/orozep website/src/lib/couriers.ts": {"path":"/Users/ynadonaire/orozep website/orozep website/src/lib/couriers.ts","statementMap":{"0":{"start":{"line":8,"column":36},"end":{"line":8,"column":null}},"1":{"start":{"line":10,"column":29},"end":{"line":10,"column":null}},"2":{"start":{"line":12,"column":6},"end":{"line":12,"column":null}},"3":{"start":{"line":12,"column":56},"end":{"line":12,"column":null}},"4":{"start":{"line":23,"column":23},"end":{"line":23,"column":null}},"5":{"start":{"line":23,"column":50},"end":{"line":23,"column":67}},"6":{"start":{"line":25,"column":4},"end":{"line":27,"column":null}},"7":{"start":{"line":25,"column":49},"end":{"line":25,"column":76}},"8":{"start":{"line":26,"column":8},"end":{"line":26,"column":null}},"9":{"start":{"line":29,"column":27},"end":{"line":29,"column":null}},"10":{"start":{"line":30,"column":4},"end":{"line":30,"column":null}},"11":{"start":{"line":52,"column":20},"end":{"line":52,"column":null}},"12":{"start":{"line":52,"column":54},"end":{"line":52,"column":77}},"13":{"start":{"line":54,"column":4},"end":{"line":56,"column":null}},"14":{"start":{"line":55,"column":8},"end":{"line":55,"column":null}},"15":{"start":{"line":58,"column":4},"end":{"line":62,"column":null}},"16":{"start":{"line":66,"column":4},"end":{"line":66,"column":null}},"17":{"start":{"line":66,"column":59},"end":{"line":66,"column":null}},"18":{"start":{"line":68,"column":4},"end":{"line":71,"column":null}}},"fnMap":{"0":{"name":"(anonymous_0)","decl":{"start":{"line":12,"column":6},"end":{"line":12,"column":21}},"loc":{"start":{"line":12,"column":56},"end":{"line":12,"column":null}},"line":12},"1":{"name":"resolveCourierCode","decl":{"start":{"line":22,"column":16},"end":{"line":22,"column":35}},"loc":{"start":{"line":22,"column":91},"end":{"line":31,"column":null}},"line":22},"2":{"name":"(anonymous_2)","decl":{"start":{"line":23,"column":32},"end":{"line":23,"column":39}},"loc":{"start":{"line":23,"column":50},"end":{"line":23,"column":67}},"line":23},"3":{"name":"(anonymous_3)","decl":{"start":{"line":25,"column":33},"end":{"line":25,"column":38}},"loc":{"start":{"line":25,"column":49},"end":{"line":25,"column":76}},"line":25},"4":{"name":"getCourierDisplay","decl":{"start":{"line":47,"column":16},"end":{"line":47,"column":null}},"loc":{"start":{"line":51,"column":18},"end":{"line":63,"column":null}},"line":51},"5":{"name":"(anonymous_5)","decl":{"start":{"line":52,"column":36},"end":{"line":52,"column":41}},"loc":{"start":{"line":52,"column":54},"end":{"line":52,"column":77}},"line":52},"6":{"name":"buildTrackingUrl","decl":{"start":{"line":65,"column":9},"end":{"line":65,"column":26}},"loc":{"start":{"line":65,"column":90},"end":{"line":72,"column":null}},"line":65}},"branchMap":{"0":{"loc":{"start":{"line":25,"column":4},"end":{"line":27,"column":null}},"type":"if","locations":[{"start":{"line":25,"column":4},"end":{"line":27,"column":null}},{"start":{},"end":{}}],"line":25},"1":{"loc":{"start":{"line":25,"column":8},"end":{"line":25,"column":79}},"type":"binary-expr","locations":[{"start":{"line":25,"column":8},"end":{"line":25,"column":22}},{"start":{"line":25,"column":22},"end":{"line":25,"column":79}}],"line":25},"2":{"loc":{"start":{"line":30,"column":11},"end":{"line":30,"column":null}},"type":"binary-expr","locations":[{"start":{"line":30,"column":11},"end":{"line":30,"column":33}},{"start":{"line":30,"column":33},"end":{"line":30,"column":null}}],"line":30},"3":{"loc":{"start":{"line":52,"column":20},"end":{"line":52,"column":null}},"type":"cond-expr","locations":[{"start":{"line":52,"column":27},"end":{"line":52,"column":81}},{"start":{"line":52,"column":81},"end":{"line":52,"column":null}}],"line":52},"4":{"loc":{"start":{"line":54,"column":4},"end":{"line":56,"column":null}},"type":"if","locations":[{"start":{"line":54,"column":4},"end":{"line":56,"column":null}},{"start":{},"end":{}}],"line":54},"5":{"loc":{"start":{"line":66,"column":4},"end":{"line":66,"column":null}},"type":"if","locations":[{"start":{"line":66,"column":4},"end":{"line":66,"column":null}},{"start":{},"end":{}}],"line":66},"6":{"loc":{"start":{"line":66,"column":8},"end":{"line":66,"column":59}},"type":"binary-expr","locations":[{"start":{"line":66,"column":8},"end":{"line":66,"column":42}},{"start":{"line":66,"column":42},"end":{"line":66,"column":59}}],"line":66}},"s":{"0":2,"1":2,"2":2,"3":0,"4":4,"5":3,"6":4,"7":1,"8":0,"9":4,"10":4,"11":0,"12":0,"13":0,"14":0,"15":0,"16":0,"17":0,"18":0},"f":{"0":0,"1":4,"2":3,"3":1,"4":0,"5":0,"6":0},"b":{"0":[0,4],"1":[4,1],"2":[4,1],"3":[0,0],"4":[0,0],"5":[0,0],"6":[0,0]},"meta":{"lastBranch":7,"lastFunction":7,"lastStatement":19,"seen":{"s:8:36:8:Infinity":0,"s:10:29:10:Infinity":1,"s:12:6:12:Infinity":2,"f:12:6:12:21":0,"s:12:56:12:Infinity":3,"f:22:16:22:35":1,"s:23:23:23:Infinity":4,"f:23:32:23:39":2,"s:23:50:23:67":5,"b:25:4:27:Infinity:undefined:undefined:undefined:undefined":0,"s:25:4:27:Infinity":6,"b:25:8:25:22:25:22:25:79":1,"f:25:33:25:38":3,"s:25:49:25:76":7,"s:26:8:26:Infinity":8,"s:29:27:29:Infinity":9,"s:30:4:30:Infinity":10,"b:30:11:30:33:30:33:30:Infinity":2,"f:47:16:47:Infinity":4,"s:52:20:52:Infinity":11,"b:52:27:52:81:52:81:52:Infinity":3,"f:52:36:52:41":5,"s:52:54:52:77":12,"b:54:4:56:Infinity:undefined:undefined:undefined:undefined":4,"s:54:4:56:Infinity":13,"s:55:8:55:Infinity":14,"s:58:4:62:Infinity":15,"f:65:9:65:26":6,"b:66:4:66:Infinity:undefined:undefined:undefined:undefined":5,"s:66:4:66:Infinity":16,"b:66:8:66:42:66:42:66:59":6,"s:66:59:66:Infinity":17,"s:68:4:71:Infinity":18},"fnNames":{}}}
,"/Users/ynadonaire/orozep website/orozep website/src/utils/recycleBin.ts": {"path":"/Users/ynadonaire/orozep website/orozep website/src/utils/recycleBin.ts","statementMap":{"0":{"start":{"line":18,"column":42},"end":{"line":18,"column":null}},"1":{"start":{"line":20,"column":19},"end":{"line":20,"column":null}},"2":{"start":{"line":30,"column":16},"end":{"line":30,"column":null}},"3":{"start":{"line":31,"column":2},"end":{"line":31,"column":null}},"4":{"start":{"line":36,"column":2},"end":{"line":36,"column":null}},"5":{"start":{"line":43,"column":22},"end":{"line":43,"column":null}},"6":{"start":{"line":44,"column":23},"end":{"line":44,"column":null}},"7":{"start":{"line":46,"column":2},"end":{"line":52,"column":null}},"8":{"start":{"line":47,"column":4},"end":{"line":51,"column":null}},"9":{"start":{"line":48,"column":6},"end":{"line":48,"column":null}},"10":{"start":{"line":50,"column":6},"end":{"line":50,"column":null}},"11":{"start":{"line":54,"column":2},"end":{"line":54,"column":null}},"12":{"start":{"line":59,"column":2},"end":{"line":59,"column":null}},"13":{"start":{"line":59,"column":23},"end":{"line":59,"column":null}},"14":{"start":{"line":61,"column":17},"end":{"line":61,"column":null}},"15":{"start":{"line":62,"column":2},"end":{"line":62,"column":null}},"16":{"start":{"line":70,"column":20},"end":{"line":70,"column":null}},"17":{"start":{"line":71,"column":2},"end":{"line":71,"column":null}},"18":{"start":{"line":71,"column":26},"end":{"line":71,"column":null}},"19":{"start":{"line":73,"column":22},"end":{"line":73,"column":null}},"20":{"start":{"line":74,"column":2},"end":{"line":74,"column":null}},"21":{"start":{"line":82,"column":2},"end":{"line":82,"column":null}},"22":{"start":{"line":91,"column":15},"end":{"line":91,"column":null}},"23":{"start":{"line":93,"column":2},"end":{"line":93,"column":null}},"24":{"start":{"line":93,"column":21},"end":{"line":93,"column":null}},"25":{"start":{"line":94,"column":2},"end":{"line":94,"column":null}},"26":{"start":{"line":94,"column":18},"end":{"line":94,"column":null}},"27":{"start":{"line":95,"column":2},"end":{"line":95,"column":null}}},"fnMap":{"0":{"name":"isDeleted","decl":{"start":{"line":29,"column":16},"end":{"line":29,"column":51}},"loc":{"start":{"line":29,"column":68},"end":{"line":32,"column":null}},"line":29},"1":{"name":"isActive","decl":{"start":{"line":35,"column":16},"end":{"line":35,"column":50}},"loc":{"start":{"line":35,"column":67},"end":{"line":37,"column":null}},"line":35},"2":{"name":"partitionByDeletion","decl":{"start":{"line":40,"column":16},"end":{"line":40,"column":null}},"loc":{"start":{"line":42,"column":33},"end":{"line":55,"column":null}},"line":42},"3":{"name":"parseDeletedAt","decl":{"start":{"line":58,"column":9},"end":{"line":58,"column":49}},"loc":{"start":{"line":58,"column":72},"end":{"line":63,"column":null}},"line":58},"4":{"name":"daysUntilPurge","decl":{"start":{"line":69,"column":16},"end":{"line":69,"column":56}},"loc":{"start":{"line":69,"column":103},"end":{"line":75,"column":null}},"line":69},"5":{"name":"isPurgeable","decl":{"start":{"line":81,"column":16},"end":{"line":81,"column":53}},"loc":{"start":{"line":81,"column":94},"end":{"line":83,"column":null}},"line":81},"6":{"name":"purgeCountdownLabel","decl":{"start":{"line":90,"column":16},"end":{"line":90,"column":61}},"loc":{"start":{"line":90,"column":101},"end":{"line":96,"column":null}},"line":90}},"branchMap":{"0":{"loc":{"start":{"line":31,"column":9},"end":{"line":31,"column":null}},"type":"binary-expr","locations":[{"start":{"line":31,"column":9},"end":{"line":31,"column":38}},{"start":{"line":31,"column":38},"end":{"line":31,"column":null}}],"line":31},"1":{"loc":{"start":{"line":47,"column":4},"end":{"line":51,"column":null}},"type":"if","locations":[{"start":{"line":47,"column":4},"end":{"line":51,"column":null}},{"start":{"line":49,"column":11},"end":{"line":51,"column":null}}],"line":47},"2":{"loc":{"start":{"line":59,"column":2},"end":{"line":59,"column":null}},"type":"if","locations":[{"start":{"line":59,"column":2},"end":{"line":59,"column":null}},{"start":{},"end":{}}],"line":59},"3":{"loc":{"start":{"line":62,"column":9},"end":{"line":62,"column":null}},"type":"cond-expr","locations":[{"start":{"line":62,"column":32},"end":{"line":62,"column":39}},{"start":{"line":62,"column":39},"end":{"line":62,"column":null}}],"line":62},"4":{"loc":{"start":{"line":69,"column":64},"end":{"line":69,"column":103}},"type":"default-arg","locations":[{"start":{"line":69,"column":76},"end":{"line":69,"column":103}}],"line":69},"5":{"loc":{"start":{"line":71,"column":2},"end":{"line":71,"column":null}},"type":"if","locations":[{"start":{"line":71,"column":2},"end":{"line":71,"column":null}},{"start":{},"end":{}}],"line":71},"6":{"loc":{"start":{"line":81,"column":61},"end":{"line":81,"column":94}},"type":"default-arg","locations":[{"start":{"line":81,"column":73},"end":{"line":81,"column":94}}],"line":81},"7":{"loc":{"start":{"line":90,"column":69},"end":{"line":90,"column":101}},"type":"default-arg","locations":[{"start":{"line":90,"column":81},"end":{"line":90,"column":101}}],"line":90},"8":{"loc":{"start":{"line":93,"column":2},"end":{"line":93,"column":null}},"type":"if","locations":[{"start":{"line":93,"column":2},"end":{"line":93,"column":null}},{"start":{},"end":{}}],"line":93},"9":{"loc":{"start":{"line":94,"column":2},"end":{"line":94,"column":null}},"type":"if","locations":[{"start":{"line":94,"column":2},"end":{"line":94,"column":null}},{"start":{},"end":{}}],"line":94},"10":{"loc":{"start":{"line":95,"column":23},"end":{"line":95,"column":45}},"type":"cond-expr","locations":[{"start":{"line":95,"column":36},"end":{"line":95,"column":41}},{"start":{"line":95,"column":41},"end":{"line":95,"column":45}}],"line":95}},"s":{"0":2,"1":2,"2":38,"3":38,"4":0,"5":0,"6":0,"7":0,"8":0,"9":0,"10":0,"11":0,"12":38,"13":0,"14":38,"15":38,"16":38,"17":38,"18":0,"19":38,"20":38,"21":0,"22":19,"23":19,"24":0,"25":19,"26":0,"27":19},"f":{"0":38,"1":0,"2":0,"3":38,"4":38,"5":0,"6":19},"b":{"0":[38,38],"1":[0,0],"2":[0,38],"3":[0,38],"4":[38],"5":[0,38],"6":[0],"7":[19],"8":[0,19],"9":[0,19],"10":[10,9]},"meta":{"lastBranch":11,"lastFunction":7,"lastStatement":28,"seen":{"s:18:42:18:Infinity":0,"s:20:19:20:Infinity":1,"f:29:16:29:51":0,"s:30:16:30:Infinity":2,"s:31:2:31:Infinity":3,"b:31:9:31:38:31:38:31:Infinity":0,"f:35:16:35:50":1,"s:36:2:36:Infinity":4,"f:40:16:40:Infinity":2,"s:43:22:43:Infinity":5,"s:44:23:44:Infinity":6,"s:46:2:52:Infinity":7,"b:47:4:51:Infinity:49:11:51:Infinity":1,"s:47:4:51:Infinity":8,"s:48:6:48:Infinity":9,"s:50:6:50:Infinity":10,"s:54:2:54:Infinity":11,"f:58:9:58:49":3,"b:59:2:59:Infinity:undefined:undefined:undefined:undefined":2,"s:59:2:59:Infinity":12,"s:59:23:59:Infinity":13,"s:61:17:61:Infinity":14,"s:62:2:62:Infinity":15,"b:62:32:62:39:62:39:62:Infinity":3,"f:69:16:69:56":4,"b:69:76:69:103":4,"s:70:20:70:Infinity":16,"b:71:2:71:Infinity:undefined:undefined:undefined:undefined":5,"s:71:2:71:Infinity":17,"s:71:26:71:Infinity":18,"s:73:22:73:Infinity":19,"s:74:2:74:Infinity":20,"f:81:16:81:53":5,"b:81:73:81:94":6,"s:82:2:82:Infinity":21,"f:90:16:90:61":6,"b:90:81:90:101":7,"s:91:15:91:Infinity":22,"b:93:2:93:Infinity:undefined:undefined:undefined:undefined":8,"s:93:2:93:Infinity":23,"s:93:21:93:Infinity":24,"b:94:2:94:Infinity:undefined:undefined:undefined:undefined":9,"s:94:2:94:Infinity":25,"s:94:18:94:Infinity":26,"s:95:2:95:Infinity":27,"b:95:36:95:41:95:41:95:45":10},"fnNames":{}}}
}
